TN:
SF:controllers/Meeting.js
FN:3,scheduleMeeting
FNF:1
FNH:1
FNDA:2,scheduleMeeting
DA:1,1
DA:4,2
DA:5,2
DA:6,2
DA:12,1
DA:14,1
DA:19,1
LF:7
LH:7
BRF:0
BRH:0
end_of_record
TN:
SF:controllers/Users.js
FN:4,authRegister
FN:26,getFaculty
FNF:2
FNH:2
FNDA:3,authRegister
FNDA:2,getFaculty
DA:1,1
DA:2,1
DA:5,3
DA:6,3
DA:7,3
DA:8,3
DA:9,1
DA:10,1
DA:12,2
DA:13,2
DA:19,1
DA:21,1
DA:22,1
DA:27,2
DA:28,2
DA:29,1
DA:31,1
DA:32,1
DA:36,1
LF:19
LH:19
BRDA:8,0,0,1
BRDA:8,0,1,2
BRF:2
BRH:2
end_of_record
TN:
SF:models/Meeting.js
FN:1,(anonymous_0)
FNF:1
FNH:1
FNDA:2,(anonymous_0)
DA:1,2
DA:3,2
DA:20,2
LF:3
LH:3
BRF:0
BRH:0
end_of_record
TN:
SF:models/Users.js
FN:1,(anonymous_0)
FN:38,(anonymous_1)
FNF:2
FNH:2
FNDA:2,(anonymous_0)
FNDA:2,(anonymous_1)
DA:1,2
DA:3,2
DA:38,2
DA:39,2
DA:43,2
DA:51,2
LF:6
LH:6
BRF:0
BRH:0
end_of_record
TN:
SF:models/index.js
FN:21,(anonymous_0)
FN:29,(anonymous_1)
FN:34,(anonymous_2)
FNF:3
FNH:3
FNDA:6,(anonymous_0)
FNDA:4,(anonymous_1)
FNDA:4,(anonymous_2)
DA:3,2
DA:4,2
DA:5,2
DA:6,2
DA:7,2
DA:8,2
DA:9,2
DA:10,2
DA:13,2
DA:14,0
DA:16,2
DA:19,2
DA:22,6
DA:30,4
DA:31,4
DA:34,2
DA:35,4
DA:36,2
DA:40,2
DA:41,2
DA:43,2
LF:21
LH:20
BRDA:8,0,0,2
BRDA:8,0,1,0
BRDA:13,1,0,0
BRDA:13,1,1,2
BRDA:23,2,0,6
BRDA:23,2,1,6
BRDA:23,2,2,4
BRDA:23,2,3,4
BRDA:35,3,0,2
BRDA:35,3,1,2
BRF:10
BRH:8
end_of_record
