TN:
SF:controllers/Meeting.js
FN:4,scheduleMeeting
FN:20,getMeetings
FN:35,getMeetingsByRole
FNF:3
FNH:1
FNDA:2,scheduleMeeting
FNDA:0,getMeetings
FNDA:0,getMeetingsByRole
DA:1,1
DA:2,1
DA:5,2
DA:6,2
DA:7,2
DA:13,1
DA:14,1
DA:16,1
DA:21,0
DA:22,0
DA:23,0
DA:26,0
DA:27,0
DA:28,0
DA:30,0
DA:39,1
LF:16
LH:9
BRF:0
BRH:0
end_of_record
TN:
SF:controllers/Users.js
FN:5,authRegister
FN:27,getFaculty
FN:36,getStudents
FN:46,update
FN:92,getUsers
FNF:5
FNH:2
FNDA:3,authRegister
FNDA:2,getFaculty
FNDA:0,getStudents
FNDA:0,update
FNDA:0,getUsers
DA:1,1
DA:2,1
DA:3,1
DA:6,3
DA:7,3
DA:8,3
DA:9,3
DA:10,1
DA:11,1
DA:13,2
DA:14,2
DA:20,1
DA:22,1
DA:23,1
DA:28,2
DA:29,2
DA:30,1
DA:32,1
DA:33,1
DA:37,0
DA:38,0
DA:39,0
DA:41,0
DA:42,0
DA:47,0
DA:48,0
DA:49,0
DA:50,0
DA:51,0
DA:52,0
DA:53,0
DA:56,0
DA:57,0
DA:60,0
DA:61,0
DA:64,0
DA:65,0
DA:66,0
DA:71,0
DA:72,0
DA:79,0
DA:80,0
DA:82,0
DA:85,0
DA:86,0
DA:88,0
DA:93,0
DA:94,0
DA:95,0
DA:96,0
DA:103,0
DA:104,0
DA:106,0
DA:109,0
DA:113,1
LF:55
LH:20
BRDA:9,0,0,1
BRDA:9,0,1,2
BRDA:52,1,0,0
BRDA:52,1,1,0
BRDA:56,2,0,0
BRDA:56,2,1,0
BRDA:60,3,0,0
BRDA:60,3,1,0
BRDA:64,4,0,0
BRDA:64,4,1,0
BRDA:64,5,0,0
BRDA:64,5,1,0
BRDA:71,6,0,0
BRDA:71,6,1,0
BRDA:79,7,0,0
BRDA:79,7,1,0
BRDA:103,8,0,0
BRDA:103,8,1,0
BRF:18
BRH:2
end_of_record
TN:
SF:models/Meeting.js
FN:1,(anonymous_0)
FNF:1
FNH:1
FNDA:2,(anonymous_0)
DA:1,2
DA:2,2
DA:18,2
LF:3
LH:3
BRF:0
BRH:0
end_of_record
TN:
SF:models/Ranks.js
FN:1,(anonymous_0)
FN:12,(anonymous_1)
FNF:2
FNH:2
FNDA:2,(anonymous_0)
FNDA:2,(anonymous_1)
DA:1,2
DA:2,2
DA:12,2
DA:13,2
DA:16,2
DA:21,2
LF:6
LH:6
BRF:0
BRH:0
end_of_record
TN:
SF:models/Users.js
FN:1,(anonymous_0)
FN:40,(anonymous_1)
FNF:2
FNH:2
FNDA:2,(anonymous_0)
FNDA:2,(anonymous_1)
DA:1,2
DA:2,2
DA:40,2
DA:41,2
DA:45,2
DA:49,2
DA:53,2
DA:59,2
LF:8
LH:8
BRF:0
BRH:0
end_of_record
TN:
SF:models/index.js
FN:21,(anonymous_0)
FN:29,(anonymous_1)
FN:34,(anonymous_2)
FNF:3
FNH:3
FNDA:8,(anonymous_0)
FNDA:6,(anonymous_1)
FNDA:6,(anonymous_2)
DA:3,2
DA:4,2
DA:5,2
DA:6,2
DA:7,2
DA:8,2
DA:9,2
DA:10,2
DA:13,2
DA:14,0
DA:16,2
DA:19,2
DA:22,8
DA:30,6
DA:31,6
DA:34,2
DA:35,6
DA:36,4
DA:40,2
DA:41,2
DA:43,2
LF:21
LH:20
BRDA:8,0,0,2
BRDA:8,0,1,0
BRDA:13,1,0,0
BRDA:13,1,1,2
BRDA:23,2,0,8
BRDA:23,2,1,8
BRDA:23,2,2,6
BRDA:23,2,3,6
BRDA:35,3,0,4
BRDA:35,3,1,2
BRF:10
BRH:8
end_of_record
