{"/Users/oliverkochpaiz/Desktop/Psych-Dissertation-Matching/client/src/App.js": {"path":"/Users/oliverkochpaiz/Desktop/Psych-Dissertation-Matching/client/src/App.js","statementMap":{"0":{"start":{"line":23,"column":2},"end":{"line":45,"column":4}}},"fnMap":{"0":{"name":"App","decl":{"start":{"line":22,"column":9},"end":{"line":22,"column":12}},"loc":{"start":{"line":22,"column":15},"end":{"line":46,"column":1}},"line":22}},"branchMap":{},"s":{"0":0},"f":{"0":0},"b":{}}
,"/Users/oliverkochpaiz/Desktop/Psych-Dissertation-Matching/client/src/index.js": {"path":"/Users/oliverkochpaiz/Desktop/Psych-Dissertation-Matching/client/src/index.js","statementMap":{"0":{"start":{"line":9,"column":13},"end":{"line":9,"column":65}},"1":{"start":{"line":10,"column":0},"end":{"line":16,"column":2}},"2":{"start":{"line":21,"column":0},"end":{"line":21,"column":18}}},"fnMap":{},"branchMap":{},"s":{"0":0,"1":0,"2":0},"f":{},"b":{}}
,"/Users/oliverkochpaiz/Desktop/Psych-Dissertation-Matching/client/src/reportWebVitals.js": {"path":"/Users/oliverkochpaiz/Desktop/Psych-Dissertation-Matching/client/src/reportWebVitals.js","statementMap":{"0":{"start":{"line":1,"column":24},"end":{"line":11,"column":1}},"1":{"start":{"line":2,"column":2},"end":{"line":10,"column":3}},"2":{"start":{"line":3,"column":4},"end":{"line":9,"column":7}},"3":{"start":{"line":4,"column":6},"end":{"line":4,"column":26}},"4":{"start":{"line":5,"column":6},"end":{"line":5,"column":26}},"5":{"start":{"line":6,"column":6},"end":{"line":6,"column":26}},"6":{"start":{"line":7,"column":6},"end":{"line":7,"column":26}},"7":{"start":{"line":8,"column":6},"end":{"line":8,"column":27}}},"fnMap":{"0":{"name":"(anonymous_0)","decl":{"start":{"line":1,"column":24},"end":{"line":1,"column":25}},"loc":{"start":{"line":1,"column":39},"end":{"line":11,"column":1}},"line":1},"1":{"name":"(anonymous_1)","decl":{"start":{"line":3,"column":30},"end":{"line":3,"column":31}},"loc":{"start":{"line":3,"column":79},"end":{"line":9,"column":5}},"line":3}},"branchMap":{"0":{"loc":{"start":{"line":2,"column":2},"end":{"line":10,"column":3}},"type":"if","locations":[{"start":{"line":2,"column":2},"end":{"line":10,"column":3}},{"start":{},"end":{}}],"line":2},"1":{"loc":{"start":{"line":2,"column":6},"end":{"line":2,"column":52}},"type":"binary-expr","locations":[{"start":{"line":2,"column":6},"end":{"line":2,"column":17}},{"start":{"line":2,"column":21},"end":{"line":2,"column":52}}],"line":2}},"s":{"0":0,"1":0,"2":0,"3":0,"4":0,"5":0,"6":0,"7":0},"f":{"0":0,"1":0},"b":{"0":[0,0],"1":[0,0]}}
,"/Users/oliverkochpaiz/Desktop/Psych-Dissertation-Matching/client/src/ProtectedRoutes/ProtectedRoute.js": {"path":"/Users/oliverkochpaiz/Desktop/Psych-Dissertation-Matching/client/src/ProtectedRoutes/ProtectedRoute.js","statementMap":{"0":{"start":{"line":5,"column":30},"end":{"line":9,"column":1}},"1":{"start":{"line":6,"column":19},"end":{"line":6,"column":42}},"2":{"start":{"line":8,"column":2},"end":{"line":8,"column":54}}},"fnMap":{"0":{"name":"(anonymous_0)","decl":{"start":{"line":5,"column":30},"end":{"line":5,"column":31}},"loc":{"start":{"line":5,"column":36},"end":{"line":9,"column":1}},"line":5}},"branchMap":{"0":{"loc":{"start":{"line":8,"column":9},"end":{"line":8,"column":53}},"type":"cond-expr","locations":[{"start":{"line":8,"column":16},"end":{"line":8,"column":26}},{"start":{"line":8,"column":29},"end":{"line":8,"column":53}}],"line":8}},"s":{"0":0,"1":0,"2":0},"f":{"0":0},"b":{"0":[0,0]}}
,"/Users/oliverkochpaiz/Desktop/Psych-Dissertation-Matching/client/src/components/ExampleCard.js": {"path":"/Users/oliverkochpaiz/Desktop/Psych-Dissertation-Matching/client/src/components/ExampleCard.js","statementMap":{"0":{"start":{"line":6,"column":2},"end":{"line":24,"column":4}}},"fnMap":{"0":{"name":"BasicExample","decl":{"start":{"line":5,"column":9},"end":{"line":5,"column":21}},"loc":{"start":{"line":5,"column":24},"end":{"line":25,"column":1}},"line":5}},"branchMap":{},"s":{"0":0},"f":{"0":0},"b":{}}
,"/Users/oliverkochpaiz/Desktop/Psych-Dissertation-Matching/client/src/components/Navbar.js": {"path":"/Users/oliverkochpaiz/Desktop/Psych-Dissertation-Matching/client/src/components/Navbar.js","statementMap":{"0":{"start":{"line":10,"column":31},"end":{"line":110,"column":1}},"1":{"start":{"line":11,"column":27},"end":{"line":11,"column":50}},"2":{"start":{"line":12,"column":34},"end":{"line":12,"column":46}},"3":{"start":{"line":13,"column":19},"end":{"line":13,"column":32}},"4":{"start":{"line":15,"column":2},"end":{"line":24,"column":9}},"5":{"start":{"line":16,"column":4},"end":{"line":23,"column":9}},"6":{"start":{"line":19,"column":8},"end":{"line":19,"column":34}},"7":{"start":{"line":20,"column":8},"end":{"line":20,"column":34}},"8":{"start":{"line":22,"column":8},"end":{"line":22,"column":29}},"9":{"start":{"line":26,"column":23},"end":{"line":35,"column":3}},"10":{"start":{"line":27,"column":4},"end":{"line":34,"column":5}},"11":{"start":{"line":28,"column":6},"end":{"line":28,"column":21}},"12":{"start":{"line":29,"column":6},"end":{"line":29,"column":25}},"13":{"start":{"line":31,"column":6},"end":{"line":33,"column":7}},"14":{"start":{"line":32,"column":8},"end":{"line":32,"column":53}},"15":{"start":{"line":37,"column":2},"end":{"line":109,"column":4}},"16":{"start":{"line":71,"column":4},"end":{"line":71,"column":114}}},"fnMap":{"0":{"name":"(anonymous_0)","decl":{"start":{"line":10,"column":31},"end":{"line":10,"column":32}},"loc":{"start":{"line":10,"column":37},"end":{"line":110,"column":1}},"line":10},"1":{"name":"(anonymous_1)","decl":{"start":{"line":15,"column":12},"end":{"line":15,"column":13}},"loc":{"start":{"line":15,"column":18},"end":{"line":24,"column":3}},"line":15},"2":{"name":"(anonymous_2)","decl":{"start":{"line":18,"column":12},"end":{"line":18,"column":13}},"loc":{"start":{"line":18,"column":26},"end":{"line":21,"column":7}},"line":18},"3":{"name":"(anonymous_3)","decl":{"start":{"line":21,"column":15},"end":{"line":21,"column":16}},"loc":{"start":{"line":21,"column":24},"end":{"line":23,"column":7}},"line":21},"4":{"name":"(anonymous_4)","decl":{"start":{"line":26,"column":23},"end":{"line":26,"column":24}},"loc":{"start":{"line":26,"column":35},"end":{"line":35,"column":3}},"line":26},"5":{"name":"(anonymous_5)","decl":{"start":{"line":70,"column":16},"end":{"line":70,"column":17}},"loc":{"start":{"line":71,"column":4},"end":{"line":71,"column":114}},"line":71}},"branchMap":{"0":{"loc":{"start":{"line":31,"column":6},"end":{"line":33,"column":7}},"type":"if","locations":[{"start":{"line":31,"column":6},"end":{"line":33,"column":7}},{"start":{},"end":{}}],"line":31},"1":{"loc":{"start":{"line":65,"column":15},"end":{"line":103,"column":15}},"type":"cond-expr","locations":[{"start":{"line":66,"column":16},"end":{"line":93,"column":19}},{"start":{"line":95,"column":16},"end":{"line":102,"column":19}}],"line":65}},"s":{"0":0,"1":0,"2":0,"3":0,"4":0,"5":0,"6":0,"7":0,"8":0,"9":0,"10":0,"11":0,"12":0,"13":0,"14":0,"15":0,"16":0},"f":{"0":0,"1":0,"2":0,"3":0,"4":0,"5":0},"b":{"0":[0,0],"1":[0,0]}}
,"/Users/oliverkochpaiz/Desktop/Psych-Dissertation-Matching/client/src/context/AuthContext.js": {"path":"/Users/oliverkochpaiz/Desktop/Psych-Dissertation-Matching/client/src/context/AuthContext.js","statementMap":{"0":{"start":{"line":4,"column":27},"end":{"line":4,"column":42}},"1":{"start":{"line":6,"column":35},"end":{"line":55,"column":1}},"2":{"start":{"line":7,"column":26},"end":{"line":7,"column":40}},"3":{"start":{"line":8,"column":32},"end":{"line":8,"column":46}},"4":{"start":{"line":10,"column":16},"end":{"line":22,"column":3}},"5":{"start":{"line":11,"column":21},"end":{"line":20,"column":5}},"6":{"start":{"line":21,"column":4},"end":{"line":21,"column":36}},"7":{"start":{"line":24,"column":17},"end":{"line":29,"column":3}},"8":{"start":{"line":25,"column":4},"end":{"line":27,"column":7}},"9":{"start":{"line":28,"column":4},"end":{"line":28,"column":18}},"10":{"start":{"line":31,"column":20},"end":{"line":44,"column":3}},"11":{"start":{"line":32,"column":4},"end":{"line":43,"column":5}},"12":{"start":{"line":33,"column":23},"end":{"line":35,"column":8}},"13":{"start":{"line":36,"column":6},"end":{"line":36,"column":38}},"14":{"start":{"line":37,"column":6},"end":{"line":37,"column":46}},"15":{"start":{"line":39,"column":6},"end":{"line":39,"column":51}},"16":{"start":{"line":40,"column":6},"end":{"line":40,"column":20}},"17":{"start":{"line":42,"column":6},"end":{"line":42,"column":24}},"18":{"start":{"line":46,"column":2},"end":{"line":48,"column":9}},"19":{"start":{"line":47,"column":4},"end":{"line":47,"column":16}},"20":{"start":{"line":50,"column":2},"end":{"line":54,"column":4}}},"fnMap":{"0":{"name":"(anonymous_0)","decl":{"start":{"line":6,"column":35},"end":{"line":6,"column":36}},"loc":{"start":{"line":6,"column":53},"end":{"line":55,"column":1}},"line":6},"1":{"name":"(anonymous_1)","decl":{"start":{"line":10,"column":16},"end":{"line":10,"column":17}},"loc":{"start":{"line":10,"column":46},"end":{"line":22,"column":3}},"line":10},"2":{"name":"(anonymous_2)","decl":{"start":{"line":24,"column":17},"end":{"line":24,"column":18}},"loc":{"start":{"line":24,"column":29},"end":{"line":29,"column":3}},"line":24},"3":{"name":"(anonymous_3)","decl":{"start":{"line":31,"column":20},"end":{"line":31,"column":21}},"loc":{"start":{"line":31,"column":32},"end":{"line":44,"column":3}},"line":31},"4":{"name":"(anonymous_4)","decl":{"start":{"line":46,"column":12},"end":{"line":46,"column":13}},"loc":{"start":{"line":46,"column":18},"end":{"line":48,"column":3}},"line":46}},"branchMap":{"0":{"loc":{"start":{"line":52,"column":7},"end":{"line":52,"column":27}},"type":"binary-expr","locations":[{"start":{"line":52,"column":7},"end":{"line":52,"column":15}},{"start":{"line":52,"column":19},"end":{"line":52,"column":27}}],"line":52}},"s":{"0":0,"1":0,"2":0,"3":0,"4":0,"5":0,"6":0,"7":0,"8":0,"9":0,"10":0,"11":0,"12":0,"13":0,"14":0,"15":0,"16":0,"17":0,"18":0,"19":0,"20":0},"f":{"0":0,"1":0,"2":0,"3":0,"4":0},"b":{"0":[0,0]}}
,"/Users/oliverkochpaiz/Desktop/Psych-Dissertation-Matching/client/src/pages/Admin.js": {"path":"/Users/oliverkochpaiz/Desktop/Psych-Dissertation-Matching/client/src/pages/Admin.js","statementMap":{"0":{"start":{"line":6,"column":21},"end":{"line":84,"column":1}},"1":{"start":{"line":7,"column":28},"end":{"line":7,"column":40}},"2":{"start":{"line":8,"column":26},"end":{"line":8,"column":36}},"3":{"start":{"line":10,"column":2},"end":{"line":23,"column":9}},"4":{"start":{"line":11,"column":4},"end":{"line":22,"column":9}},"5":{"start":{"line":16,"column":8},"end":{"line":16,"column":27}},"6":{"start":{"line":19,"column":8},"end":{"line":21,"column":9}},"7":{"start":{"line":20,"column":10},"end":{"line":20,"column":55}},"8":{"start":{"line":25,"column":30},"end":{"line":32,"column":3}},"9":{"start":{"line":26,"column":17},"end":{"line":26,"column":36}},"10":{"start":{"line":27,"column":4},"end":{"line":31,"column":7}},"11":{"start":{"line":34,"column":2},"end":{"line":83,"column":4}},"12":{"start":{"line":59,"column":12},"end":{"line":78,"column":17}}},"fnMap":{"0":{"name":"(anonymous_0)","decl":{"start":{"line":6,"column":21},"end":{"line":6,"column":22}},"loc":{"start":{"line":6,"column":27},"end":{"line":84,"column":1}},"line":6},"1":{"name":"(anonymous_1)","decl":{"start":{"line":10,"column":12},"end":{"line":10,"column":13}},"loc":{"start":{"line":10,"column":18},"end":{"line":23,"column":3}},"line":10},"2":{"name":"(anonymous_2)","decl":{"start":{"line":15,"column":12},"end":{"line":15,"column":13}},"loc":{"start":{"line":15,"column":21},"end":{"line":17,"column":7}},"line":15},"3":{"name":"(anonymous_3)","decl":{"start":{"line":18,"column":13},"end":{"line":18,"column":14}},"loc":{"start":{"line":18,"column":24},"end":{"line":22,"column":7}},"line":18},"4":{"name":"(anonymous_4)","decl":{"start":{"line":25,"column":30},"end":{"line":25,"column":31}},"loc":{"start":{"line":25,"column":45},"end":{"line":32,"column":3}},"line":25},"5":{"name":"(anonymous_5)","decl":{"start":{"line":58,"column":21},"end":{"line":58,"column":22}},"loc":{"start":{"line":59,"column":12},"end":{"line":78,"column":17}},"line":59}},"branchMap":{"0":{"loc":{"start":{"line":19,"column":8},"end":{"line":21,"column":9}},"type":"if","locations":[{"start":{"line":19,"column":8},"end":{"line":21,"column":9}},{"start":{},"end":{}}],"line":19}},"s":{"0":0,"1":0,"2":0,"3":0,"4":0,"5":0,"6":0,"7":0,"8":0,"9":0,"10":0,"11":0,"12":0},"f":{"0":0,"1":0,"2":0,"3":0,"4":0,"5":0},"b":{"0":[0,0]}}
,"/Users/oliverkochpaiz/Desktop/Psych-Dissertation-Matching/client/src/pages/Home.js": {"path":"/Users/oliverkochpaiz/Desktop/Psych-Dissertation-Matching/client/src/pages/Home.js","statementMap":{"0":{"start":{"line":6,"column":44},"end":{"line":6,"column":56}},"1":{"start":{"line":8,"column":2},"end":{"line":17,"column":9}},"2":{"start":{"line":9,"column":4},"end":{"line":16,"column":9}},"3":{"start":{"line":12,"column":8},"end":{"line":12,"column":40}},"4":{"start":{"line":15,"column":8},"end":{"line":15,"column":45}},"5":{"start":{"line":18,"column":2},"end":{"line":88,"column":4}},"6":{"start":{"line":28,"column":10},"end":{"line":84,"column":12}}},"fnMap":{"0":{"name":"Home","decl":{"start":{"line":5,"column":9},"end":{"line":5,"column":13}},"loc":{"start":{"line":5,"column":16},"end":{"line":89,"column":1}},"line":5},"1":{"name":"(anonymous_1)","decl":{"start":{"line":8,"column":12},"end":{"line":8,"column":13}},"loc":{"start":{"line":8,"column":18},"end":{"line":17,"column":3}},"line":8},"2":{"name":"(anonymous_2)","decl":{"start":{"line":11,"column":12},"end":{"line":11,"column":13}},"loc":{"start":{"line":11,"column":26},"end":{"line":13,"column":7}},"line":11},"3":{"name":"(anonymous_3)","decl":{"start":{"line":14,"column":13},"end":{"line":14,"column":14}},"loc":{"start":{"line":14,"column":22},"end":{"line":16,"column":7}},"line":14},"4":{"name":"(anonymous_4)","decl":{"start":{"line":27,"column":27},"end":{"line":27,"column":28}},"loc":{"start":{"line":27,"column":43},"end":{"line":85,"column":9}},"line":27}},"branchMap":{},"s":{"0":3,"1":3,"2":2,"3":1,"4":1,"5":3,"6":1},"f":{"0":3,"1":2,"2":1,"3":1,"4":1},"b":{},"_coverageSchema":"1a1c01bbd47fc00a2c39e90264f33305004495a9","hash":"d29f3c84268227ee1b55ce14e229c6c978888baa"}
,"/Users/oliverkochpaiz/Desktop/Psych-Dissertation-Matching/client/src/pages/Login.js": {"path":"/Users/oliverkochpaiz/Desktop/Psych-Dissertation-Matching/client/src/pages/Login.js","statementMap":{"0":{"start":{"line":7,"column":21},"end":{"line":92,"column":1}},"1":{"start":{"line":8,"column":19},"end":{"line":8,"column":27}},"2":{"start":{"line":9,"column":19},"end":{"line":9,"column":27}},"3":{"start":{"line":10,"column":42},"end":{"line":10,"column":54}},"4":{"start":{"line":11,"column":19},"end":{"line":11,"column":32}},"5":{"start":{"line":12,"column":20},"end":{"line":12,"column":43}},"6":{"start":{"line":14,"column":23},"end":{"line":25,"column":3}},"7":{"start":{"line":15,"column":4},"end":{"line":15,"column":23}},"8":{"start":{"line":16,"column":4},"end":{"line":24,"column":5}},"9":{"start":{"line":17,"column":6},"end":{"line":17,"column":66}},"10":{"start":{"line":18,"column":6},"end":{"line":18,"column":20}},"11":{"start":{"line":21,"column":6},"end":{"line":23,"column":7}},"12":{"start":{"line":22,"column":8},"end":{"line":22,"column":55}},"13":{"start":{"line":26,"column":2},"end":{"line":91,"column":4}},"14":{"start":{"line":52,"column":30},"end":{"line":52,"column":49}},"15":{"start":{"line":66,"column":30},"end":{"line":66,"column":49}}},"fnMap":{"0":{"name":"(anonymous_0)","decl":{"start":{"line":7,"column":21},"end":{"line":7,"column":22}},"loc":{"start":{"line":7,"column":27},"end":{"line":92,"column":1}},"line":7},"1":{"name":"(anonymous_1)","decl":{"start":{"line":14,"column":23},"end":{"line":14,"column":24}},"loc":{"start":{"line":14,"column":36},"end":{"line":25,"column":3}},"line":14},"2":{"name":"(anonymous_2)","decl":{"start":{"line":52,"column":24},"end":{"line":52,"column":25}},"loc":{"start":{"line":52,"column":30},"end":{"line":52,"column":49}},"line":52},"3":{"name":"(anonymous_3)","decl":{"start":{"line":66,"column":24},"end":{"line":66,"column":25}},"loc":{"start":{"line":66,"column":30},"end":{"line":66,"column":49}},"line":66}},"branchMap":{"0":{"loc":{"start":{"line":21,"column":6},"end":{"line":23,"column":7}},"type":"if","locations":[{"start":{"line":21,"column":6},"end":{"line":23,"column":7}},{"start":{},"end":{}}],"line":21},"1":{"loc":{"start":{"line":72,"column":24},"end":{"line":72,"column":75}},"type":"cond-expr","locations":[{"start":{"line":72,"column":39},"end":{"line":72,"column":64}},{"start":{"line":72,"column":67},"end":{"line":72,"column":75}}],"line":72}},"s":{"0":0,"1":0,"2":0,"3":0,"4":0,"5":0,"6":0,"7":0,"8":0,"9":0,"10":0,"11":0,"12":0,"13":0,"14":0,"15":0},"f":{"0":0,"1":0,"2":0,"3":0},"b":{"0":[0,0],"1":[0,0]}}
,"/Users/oliverkochpaiz/Desktop/Psych-Dissertation-Matching/client/src/pages/MeetingRequest.js": {"path":"/Users/oliverkochpaiz/Desktop/Psych-Dissertation-Matching/client/src/pages/MeetingRequest.js","statementMap":{"0":{"start":{"line":5,"column":30},"end":{"line":46,"column":1}},"1":{"start":{"line":6,"column":44},"end":{"line":6,"column":56}},"2":{"start":{"line":8,"column":2},"end":{"line":17,"column":22}},"3":{"start":{"line":9,"column":4},"end":{"line":16,"column":9}},"4":{"start":{"line":12,"column":8},"end":{"line":12,"column":40}},"5":{"start":{"line":15,"column":8},"end":{"line":15,"column":47}},"6":{"start":{"line":19,"column":2},"end":{"line":45,"column":4}}},"fnMap":{"0":{"name":"(anonymous_0)","decl":{"start":{"line":5,"column":30},"end":{"line":5,"column":31}},"loc":{"start":{"line":5,"column":36},"end":{"line":46,"column":1}},"line":5},"1":{"name":"(anonymous_1)","decl":{"start":{"line":8,"column":12},"end":{"line":8,"column":13}},"loc":{"start":{"line":8,"column":18},"end":{"line":17,"column":3}},"line":8},"2":{"name":"(anonymous_2)","decl":{"start":{"line":11,"column":12},"end":{"line":11,"column":13}},"loc":{"start":{"line":11,"column":26},"end":{"line":13,"column":7}},"line":11},"3":{"name":"(anonymous_3)","decl":{"start":{"line":14,"column":13},"end":{"line":14,"column":14}},"loc":{"start":{"line":14,"column":22},"end":{"line":16,"column":7}},"line":14}},"branchMap":{},"s":{"0":0,"1":0,"2":0,"3":0,"4":0,"5":0,"6":0},"f":{"0":0,"1":0,"2":0,"3":0},"b":{}}
,"/Users/oliverkochpaiz/Desktop/Psych-Dissertation-Matching/client/src/pages/MySchedule.js": {"path":"/Users/oliverkochpaiz/Desktop/Psych-Dissertation-Matching/client/src/pages/MySchedule.js","statementMap":{"0":{"start":{"line":9,"column":18},"end":{"line":9,"column":41}},"1":{"start":{"line":11,"column":26},"end":{"line":81,"column":1}},"2":{"start":{"line":12,"column":30},"end":{"line":12,"column":42}},"3":{"start":{"line":13,"column":44},"end":{"line":13,"column":54}},"4":{"start":{"line":15,"column":26},"end":{"line":15,"column":41}},"5":{"start":{"line":17,"column":2},"end":{"line":35,"column":9}},"6":{"start":{"line":18,"column":4},"end":{"line":34,"column":9}},"7":{"start":{"line":21,"column":25},"end":{"line":21,"column":38}},"8":{"start":{"line":22,"column":32},"end":{"line":28,"column":11}},"9":{"start":{"line":22,"column":59},"end":{"line":28,"column":9}},"10":{"start":{"line":29,"column":8},"end":{"line":29,"column":35}},"11":{"start":{"line":33,"column":8},"end":{"line":33,"column":29}},"12":{"start":{"line":37,"column":30},"end":{"line":40,"column":3}},"13":{"start":{"line":38,"column":4},"end":{"line":38,"column":28}},"14":{"start":{"line":39,"column":4},"end":{"line":39,"column":17}},"15":{"start":{"line":42,"column":22},"end":{"line":42,"column":42}},"16":{"start":{"line":42,"column":28},"end":{"line":42,"column":42}},"17":{"start":{"line":43,"column":21},"end":{"line":43,"column":40}},"18":{"start":{"line":43,"column":27},"end":{"line":43,"column":40}},"19":{"start":{"line":45,"column":2},"end":{"line":80,"column":4}}},"fnMap":{"0":{"name":"(anonymous_0)","decl":{"start":{"line":11,"column":26},"end":{"line":11,"column":27}},"loc":{"start":{"line":11,"column":32},"end":{"line":81,"column":1}},"line":11},"1":{"name":"(anonymous_1)","decl":{"start":{"line":17,"column":12},"end":{"line":17,"column":13}},"loc":{"start":{"line":17,"column":18},"end":{"line":35,"column":3}},"line":17},"2":{"name":"(anonymous_2)","decl":{"start":{"line":20,"column":12},"end":{"line":20,"column":13}},"loc":{"start":{"line":20,"column":26},"end":{"line":30,"column":7}},"line":20},"3":{"name":"(anonymous_3)","decl":{"start":{"line":22,"column":45},"end":{"line":22,"column":46}},"loc":{"start":{"line":22,"column":59},"end":{"line":28,"column":9}},"line":22},"4":{"name":"(anonymous_4)","decl":{"start":{"line":32,"column":13},"end":{"line":32,"column":14}},"loc":{"start":{"line":32,"column":22},"end":{"line":34,"column":7}},"line":32},"5":{"name":"(anonymous_5)","decl":{"start":{"line":37,"column":30},"end":{"line":37,"column":31}},"loc":{"start":{"line":37,"column":41},"end":{"line":40,"column":3}},"line":37},"6":{"name":"(anonymous_6)","decl":{"start":{"line":42,"column":22},"end":{"line":42,"column":23}},"loc":{"start":{"line":42,"column":28},"end":{"line":42,"column":42}},"line":42},"7":{"name":"(anonymous_7)","decl":{"start":{"line":43,"column":21},"end":{"line":43,"column":22}},"loc":{"start":{"line":43,"column":27},"end":{"line":43,"column":40}},"line":43}},"branchMap":{},"s":{"0":0,"1":0,"2":0,"3":0,"4":0,"5":0,"6":0,"7":0,"8":0,"9":0,"10":0,"11":0,"12":0,"13":0,"14":0,"15":0,"16":0,"17":0,"18":0,"19":0},"f":{"0":0,"1":0,"2":0,"3":0,"4":0,"5":0,"6":0,"7":0},"b":{}}
,"/Users/oliverkochpaiz/Desktop/Psych-Dissertation-Matching/client/src/pages/Profile.js": {"path":"/Users/oliverkochpaiz/Desktop/Psych-Dissertation-Matching/client/src/pages/Profile.js","statementMap":{"0":{"start":{"line":13,"column":23},"end":{"line":339,"column":1}},"1":{"start":{"line":14,"column":30},"end":{"line":14,"column":53}},"2":{"start":{"line":16,"column":2},"end":{"line":18,"column":9}},"3":{"start":{"line":17,"column":4},"end":{"line":17,"column":16}},"4":{"start":{"line":20,"column":36},"end":{"line":20,"column":76}},"5":{"start":{"line":21,"column":34},"end":{"line":21,"column":73}},"6":{"start":{"line":22,"column":34},"end":{"line":22,"column":73}},"7":{"start":{"line":23,"column":40},"end":{"line":25,"column":3}},"8":{"start":{"line":26,"column":34},"end":{"line":26,"column":73}},"9":{"start":{"line":27,"column":26},"end":{"line":27,"column":36}},"10":{"start":{"line":29,"column":26},"end":{"line":29,"column":41}},"11":{"start":{"line":30,"column":22},"end":{"line":30,"column":42}},"12":{"start":{"line":30,"column":28},"end":{"line":30,"column":42}},"13":{"start":{"line":31,"column":21},"end":{"line":31,"column":40}},"14":{"start":{"line":31,"column":27},"end":{"line":31,"column":40}},"15":{"start":{"line":33,"column":48},"end":{"line":33,"column":60}},"16":{"start":{"line":34,"column":40},"end":{"line":34,"column":52}},"17":{"start":{"line":35,"column":48},"end":{"line":35,"column":60}},"18":{"start":{"line":36,"column":44},"end":{"line":36,"column":56}},"19":{"start":{"line":38,"column":23},"end":{"line":67,"column":3}},"20":{"start":{"line":39,"column":4},"end":{"line":39,"column":23}},"21":{"start":{"line":40,"column":21},"end":{"line":40,"column":35}},"22":{"start":{"line":41,"column":4},"end":{"line":41,"column":44}},"23":{"start":{"line":42,"column":4},"end":{"line":42,"column":42}},"24":{"start":{"line":43,"column":4},"end":{"line":43,"column":42}},"25":{"start":{"line":45,"column":4},"end":{"line":49,"column":5}},"26":{"start":{"line":46,"column":6},"end":{"line":46,"column":50}},"27":{"start":{"line":47,"column":6},"end":{"line":47,"column":44}},"28":{"start":{"line":48,"column":6},"end":{"line":48,"column":42}},"29":{"start":{"line":50,"column":4},"end":{"line":66,"column":5}},"30":{"start":{"line":51,"column":23},"end":{"line":59,"column":7}},"31":{"start":{"line":60,"column":6},"end":{"line":60,"column":24}},"32":{"start":{"line":61,"column":6},"end":{"line":61,"column":43}},"33":{"start":{"line":63,"column":6},"end":{"line":65,"column":7}},"34":{"start":{"line":64,"column":8},"end":{"line":64,"column":51}},"35":{"start":{"line":69,"column":31},"end":{"line":92,"column":3}},"36":{"start":{"line":70,"column":4},"end":{"line":70,"column":23}},"37":{"start":{"line":71,"column":4},"end":{"line":74,"column":5}},"38":{"start":{"line":72,"column":6},"end":{"line":72,"column":50}},"39":{"start":{"line":73,"column":6},"end":{"line":73,"column":13}},"40":{"start":{"line":75,"column":4},"end":{"line":91,"column":5}},"41":{"start":{"line":76,"column":23},"end":{"line":85,"column":7}},"42":{"start":{"line":86,"column":6},"end":{"line":86,"column":43}},"43":{"start":{"line":88,"column":6},"end":{"line":90,"column":7}},"44":{"start":{"line":89,"column":8},"end":{"line":89,"column":51}},"45":{"start":{"line":94,"column":30},"end":{"line":101,"column":3}},"46":{"start":{"line":95,"column":17},"end":{"line":95,"column":36}},"47":{"start":{"line":96,"column":4},"end":{"line":100,"column":7}},"48":{"start":{"line":103,"column":30},"end":{"line":105,"column":3}},"49":{"start":{"line":104,"column":4},"end":{"line":104,"column":49}},"50":{"start":{"line":107,"column":2},"end":{"line":338,"column":4}},"51":{"start":{"line":148,"column":24},"end":{"line":148,"column":51}},"52":{"start":{"line":183,"column":22},"end":{"line":183,"column":51}},"53":{"start":{"line":199,"column":22},"end":{"line":199,"column":50}},"54":{"start":{"line":217,"column":22},"end":{"line":217,"column":50}},"55":{"start":{"line":248,"column":22},"end":{"line":248,"column":53}},"56":{"start":{"line":260,"column":22},"end":{"line":260,"column":50}},"57":{"start":{"line":297,"column":33},"end":{"line":297,"column":67}},"58":{"start":{"line":305,"column":33},"end":{"line":305,"column":63}},"59":{"start":{"line":314,"column":18},"end":{"line":314,"column":53}},"60":{"start":{"line":315,"column":18},"end":{"line":315,"column":39}}},"fnMap":{"0":{"name":"(anonymous_0)","decl":{"start":{"line":13,"column":23},"end":{"line":13,"column":24}},"loc":{"start":{"line":13,"column":29},"end":{"line":339,"column":1}},"line":13},"1":{"name":"(anonymous_1)","decl":{"start":{"line":16,"column":12},"end":{"line":16,"column":13}},"loc":{"start":{"line":16,"column":18},"end":{"line":18,"column":3}},"line":16},"2":{"name":"(anonymous_2)","decl":{"start":{"line":30,"column":22},"end":{"line":30,"column":23}},"loc":{"start":{"line":30,"column":28},"end":{"line":30,"column":42}},"line":30},"3":{"name":"(anonymous_3)","decl":{"start":{"line":31,"column":21},"end":{"line":31,"column":22}},"loc":{"start":{"line":31,"column":27},"end":{"line":31,"column":40}},"line":31},"4":{"name":"(anonymous_4)","decl":{"start":{"line":38,"column":23},"end":{"line":38,"column":24}},"loc":{"start":{"line":38,"column":36},"end":{"line":67,"column":3}},"line":38},"5":{"name":"(anonymous_5)","decl":{"start":{"line":69,"column":31},"end":{"line":69,"column":32}},"loc":{"start":{"line":69,"column":44},"end":{"line":92,"column":3}},"line":69},"6":{"name":"(anonymous_6)","decl":{"start":{"line":94,"column":30},"end":{"line":94,"column":31}},"loc":{"start":{"line":94,"column":45},"end":{"line":101,"column":3}},"line":94},"7":{"name":"(anonymous_7)","decl":{"start":{"line":103,"column":30},"end":{"line":103,"column":31}},"loc":{"start":{"line":103,"column":36},"end":{"line":105,"column":3}},"line":103},"8":{"name":"(anonymous_8)","decl":{"start":{"line":147,"column":32},"end":{"line":147,"column":33}},"loc":{"start":{"line":147,"column":39},"end":{"line":149,"column":23}},"line":147},"9":{"name":"(anonymous_9)","decl":{"start":{"line":182,"column":30},"end":{"line":182,"column":31}},"loc":{"start":{"line":182,"column":37},"end":{"line":184,"column":21}},"line":182},"10":{"name":"(anonymous_10)","decl":{"start":{"line":198,"column":30},"end":{"line":198,"column":31}},"loc":{"start":{"line":198,"column":37},"end":{"line":200,"column":21}},"line":198},"11":{"name":"(anonymous_11)","decl":{"start":{"line":216,"column":30},"end":{"line":216,"column":31}},"loc":{"start":{"line":216,"column":37},"end":{"line":218,"column":21}},"line":216},"12":{"name":"(anonymous_12)","decl":{"start":{"line":247,"column":30},"end":{"line":247,"column":31}},"loc":{"start":{"line":247,"column":37},"end":{"line":249,"column":21}},"line":247},"13":{"name":"(anonymous_13)","decl":{"start":{"line":259,"column":30},"end":{"line":259,"column":31}},"loc":{"start":{"line":259,"column":37},"end":{"line":261,"column":21}},"line":259},"14":{"name":"(anonymous_14)","decl":{"start":{"line":297,"column":26},"end":{"line":297,"column":27}},"loc":{"start":{"line":297,"column":33},"end":{"line":297,"column":67}},"line":297},"15":{"name":"(anonymous_15)","decl":{"start":{"line":305,"column":26},"end":{"line":305,"column":27}},"loc":{"start":{"line":305,"column":33},"end":{"line":305,"column":63}},"line":305},"16":{"name":"(anonymous_16)","decl":{"start":{"line":313,"column":26},"end":{"line":313,"column":27}},"loc":{"start":{"line":313,"column":33},"end":{"line":316,"column":17}},"line":313}},"branchMap":{"0":{"loc":{"start":{"line":20,"column":45},"end":{"line":20,"column":75}},"type":"binary-expr","locations":[{"start":{"line":20,"column":46},"end":{"line":20,"column":50}},{"start":{"line":20,"column":54},"end":{"line":20,"column":68}},{"start":{"line":20,"column":73},"end":{"line":20,"column":75}}],"line":20},"1":{"loc":{"start":{"line":21,"column":43},"end":{"line":21,"column":72}},"type":"binary-expr","locations":[{"start":{"line":21,"column":44},"end":{"line":21,"column":48}},{"start":{"line":21,"column":52},"end":{"line":21,"column":65}},{"start":{"line":21,"column":70},"end":{"line":21,"column":72}}],"line":21},"2":{"loc":{"start":{"line":22,"column":43},"end":{"line":22,"column":72}},"type":"binary-expr","locations":[{"start":{"line":22,"column":44},"end":{"line":22,"column":48}},{"start":{"line":22,"column":52},"end":{"line":22,"column":65}},{"start":{"line":22,"column":70},"end":{"line":22,"column":72}}],"line":22},"3":{"loc":{"start":{"line":24,"column":4},"end":{"line":24,"column":36}},"type":"binary-expr","locations":[{"start":{"line":24,"column":5},"end":{"line":24,"column":9}},{"start":{"line":24,"column":13},"end":{"line":24,"column":29}},{"start":{"line":24,"column":34},"end":{"line":24,"column":36}}],"line":24},"4":{"loc":{"start":{"line":26,"column":43},"end":{"line":26,"column":72}},"type":"binary-expr","locations":[{"start":{"line":26,"column":44},"end":{"line":26,"column":48}},{"start":{"line":26,"column":52},"end":{"line":26,"column":65}},{"start":{"line":26,"column":70},"end":{"line":26,"column":72}}],"line":26},"5":{"loc":{"start":{"line":45,"column":4},"end":{"line":49,"column":5}},"type":"if","locations":[{"start":{"line":45,"column":4},"end":{"line":49,"column":5}},{"start":{},"end":{}}],"line":45},"6":{"loc":{"start":{"line":63,"column":6},"end":{"line":65,"column":7}},"type":"if","locations":[{"start":{"line":63,"column":6},"end":{"line":65,"column":7}},{"start":{},"end":{}}],"line":63},"7":{"loc":{"start":{"line":71,"column":4},"end":{"line":74,"column":5}},"type":"if","locations":[{"start":{"line":71,"column":4},"end":{"line":74,"column":5}},{"start":{},"end":{}}],"line":71},"8":{"loc":{"start":{"line":88,"column":6},"end":{"line":90,"column":7}},"type":"if","locations":[{"start":{"line":88,"column":6},"end":{"line":90,"column":7}},{"start":{},"end":{}}],"line":88},"9":{"loc":{"start":{"line":134,"column":15},"end":{"line":154,"column":15}},"type":"binary-expr","locations":[{"start":{"line":134,"column":15},"end":{"line":134,"column":38}},{"start":{"line":135,"column":16},"end":{"line":153,"column":23}}],"line":134},"10":{"loc":{"start":{"line":174,"column":18},"end":{"line":174,"column":80}},"type":"cond-expr","locations":[{"start":{"line":174,"column":69},"end":{"line":174,"column":75}},{"start":{"line":174,"column":78},"end":{"line":174,"column":80}}],"line":174},"11":{"loc":{"start":{"line":174,"column":18},"end":{"line":174,"column":66}},"type":"binary-expr","locations":[{"start":{"line":174,"column":18},"end":{"line":174,"column":41}},{"start":{"line":174,"column":45},"end":{"line":174,"column":66}}],"line":174},"12":{"loc":{"start":{"line":190,"column":18},"end":{"line":190,"column":80}},"type":"cond-expr","locations":[{"start":{"line":190,"column":69},"end":{"line":190,"column":75}},{"start":{"line":190,"column":78},"end":{"line":190,"column":80}}],"line":190},"13":{"loc":{"start":{"line":190,"column":18},"end":{"line":190,"column":66}},"type":"binary-expr","locations":[{"start":{"line":190,"column":18},"end":{"line":190,"column":41}},{"start":{"line":190,"column":45},"end":{"line":190,"column":66}}],"line":190},"14":{"loc":{"start":{"line":208,"column":18},"end":{"line":208,"column":80}},"type":"cond-expr","locations":[{"start":{"line":208,"column":69},"end":{"line":208,"column":75}},{"start":{"line":208,"column":78},"end":{"line":208,"column":80}}],"line":208},"15":{"loc":{"start":{"line":208,"column":18},"end":{"line":208,"column":66}},"type":"binary-expr","locations":[{"start":{"line":208,"column":18},"end":{"line":208,"column":41}},{"start":{"line":208,"column":45},"end":{"line":208,"column":66}}],"line":208},"16":{"loc":{"start":{"line":224,"column":18},"end":{"line":224,"column":80}},"type":"cond-expr","locations":[{"start":{"line":224,"column":69},"end":{"line":224,"column":75}},{"start":{"line":224,"column":78},"end":{"line":224,"column":80}}],"line":224},"17":{"loc":{"start":{"line":224,"column":18},"end":{"line":224,"column":66}},"type":"binary-expr","locations":[{"start":{"line":224,"column":18},"end":{"line":224,"column":41}},{"start":{"line":224,"column":45},"end":{"line":224,"column":66}}],"line":224},"18":{"loc":{"start":{"line":239,"column":13},"end":{"line":265,"column":13}},"type":"binary-expr","locations":[{"start":{"line":239,"column":13},"end":{"line":239,"column":36}},{"start":{"line":240,"column":14},"end":{"line":264,"column":17}}],"line":239},"19":{"loc":{"start":{"line":268,"column":16},"end":{"line":270,"column":35}},"type":"cond-expr","locations":[{"start":{"line":269,"column":20},"end":{"line":269,"column":35}},{"start":{"line":270,"column":20},"end":{"line":270,"column":35}}],"line":268},"20":{"loc":{"start":{"line":268,"column":16},"end":{"line":268,"column":64}},"type":"binary-expr","locations":[{"start":{"line":268,"column":16},"end":{"line":268,"column":39}},{"start":{"line":268,"column":43},"end":{"line":268,"column":64}}],"line":268},"21":{"loc":{"start":{"line":321,"column":16},"end":{"line":321,"column":73}},"type":"cond-expr","locations":[{"start":{"line":321,"column":32},"end":{"line":321,"column":62}},{"start":{"line":321,"column":65},"end":{"line":321,"column":73}}],"line":321}},"s":{"0":0,"1":0,"2":0,"3":0,"4":0,"5":0,"6":0,"7":0,"8":0,"9":0,"10":0,"11":0,"12":0,"13":0,"14":0,"15":0,"16":0,"17":0,"18":0,"19":0,"20":0,"21":0,"22":0,"23":0,"24":0,"25":0,"26":0,"27":0,"28":0,"29":0,"30":0,"31":0,"32":0,"33":0,"34":0,"35":0,"36":0,"37":0,"38":0,"39":0,"40":0,"41":0,"42":0,"43":0,"44":0,"45":0,"46":0,"47":0,"48":0,"49":0,"50":0,"51":0,"52":0,"53":0,"54":0,"55":0,"56":0,"57":0,"58":0,"59":0,"60":0},"f":{"0":0,"1":0,"2":0,"3":0,"4":0,"5":0,"6":0,"7":0,"8":0,"9":0,"10":0,"11":0,"12":0,"13":0,"14":0,"15":0,"16":0},"b":{"0":[0,0,0],"1":[0,0,0],"2":[0,0,0],"3":[0,0,0],"4":[0,0,0],"5":[0,0],"6":[0,0],"7":[0,0],"8":[0,0],"9":[0,0],"10":[0,0],"11":[0,0],"12":[0,0],"13":[0,0],"14":[0,0],"15":[0,0],"16":[0,0],"17":[0,0],"18":[0,0],"19":[0,0],"20":[0,0],"21":[0,0]}}
,"/Users/oliverkochpaiz/Desktop/Psych-Dissertation-Matching/client/src/pages/Rank.js": {"path":"/Users/oliverkochpaiz/Desktop/Psych-Dissertation-Matching/client/src/pages/Rank.js","statementMap":{"0":{"start":{"line":7,"column":40},"end":{"line":7,"column":52}},"1":{"start":{"line":8,"column":44},"end":{"line":8,"column":56}},"2":{"start":{"line":9,"column":40},"end":{"line":9,"column":51}},"3":{"start":{"line":10,"column":19},"end":{"line":10,"column":42}},"4":{"start":{"line":11,"column":40},"end":{"line":11,"column":55}},"5":{"start":{"line":12,"column":40},"end":{"line":12,"column":52}},"6":{"start":{"line":14,"column":2},"end":{"line":33,"column":18}},"7":{"start":{"line":15,"column":4},"end":{"line":27,"column":5}},"8":{"start":{"line":16,"column":6},"end":{"line":20,"column":11}},"9":{"start":{"line":17,"column":10},"end":{"line":17,"column":40}},"10":{"start":{"line":19,"column":10},"end":{"line":19,"column":47}},"11":{"start":{"line":22,"column":6},"end":{"line":26,"column":11}},"12":{"start":{"line":23,"column":10},"end":{"line":23,"column":40}},"13":{"start":{"line":25,"column":10},"end":{"line":25,"column":47}},"14":{"start":{"line":28,"column":4},"end":{"line":32,"column":7}},"15":{"start":{"line":29,"column":6},"end":{"line":29,"column":52}},"16":{"start":{"line":31,"column":6},"end":{"line":31,"column":42}},"17":{"start":{"line":35,"column":26},"end":{"line":40,"column":3}},"18":{"start":{"line":36,"column":33},"end":{"line":36,"column":51}},"19":{"start":{"line":37,"column":18},"end":{"line":37,"column":36}},"20":{"start":{"line":38,"column":4},"end":{"line":38,"column":51}},"21":{"start":{"line":39,"column":4},"end":{"line":39,"column":43}},"22":{"start":{"line":41,"column":24},"end":{"line":46,"column":3}},"23":{"start":{"line":42,"column":28},"end":{"line":42,"column":44}},"24":{"start":{"line":43,"column":18},"end":{"line":43,"column":36}},"25":{"start":{"line":44,"column":4},"end":{"line":44,"column":35}},"26":{"start":{"line":45,"column":4},"end":{"line":45,"column":36}},"27":{"start":{"line":48,"column":25},"end":{"line":69,"column":3}},"28":{"start":{"line":49,"column":4},"end":{"line":49,"column":27}},"29":{"start":{"line":50,"column":4},"end":{"line":53,"column":5}},"30":{"start":{"line":51,"column":6},"end":{"line":51,"column":52}},"31":{"start":{"line":52,"column":6},"end":{"line":52,"column":13}},"32":{"start":{"line":55,"column":4},"end":{"line":68,"column":5}},"33":{"start":{"line":56,"column":28},"end":{"line":56,"column":76}},"34":{"start":{"line":56,"column":57},"end":{"line":56,"column":75}},"35":{"start":{"line":57,"column":26},"end":{"line":61,"column":9}},"36":{"start":{"line":57,"column":56},"end":{"line":61,"column":7}},"37":{"start":{"line":62,"column":6},"end":{"line":62,"column":30}},"38":{"start":{"line":63,"column":6},"end":{"line":63,"column":99}},"39":{"start":{"line":64,"column":6},"end":{"line":64,"column":27}},"40":{"start":{"line":65,"column":6},"end":{"line":65,"column":51}},"41":{"start":{"line":67,"column":6},"end":{"line":67,"column":47}},"42":{"start":{"line":70,"column":21},"end":{"line":72,"column":3}},"43":{"start":{"line":71,"column":4},"end":{"line":71,"column":59}},"44":{"start":{"line":71,"column":38},"end":{"line":71,"column":57}},"45":{"start":{"line":74,"column":2},"end":{"line":118,"column":4}},"46":{"start":{"line":91,"column":20},"end":{"line":105,"column":26}},"47":{"start":{"line":94,"column":103},"end":{"line":94,"column":132}},"48":{"start":{"line":97,"column":28},"end":{"line":97,"column":103}},"49":{"start":{"line":103,"column":87},"end":{"line":103,"column":114}}},"fnMap":{"0":{"name":"Rank","decl":{"start":{"line":6,"column":9},"end":{"line":6,"column":13}},"loc":{"start":{"line":6,"column":16},"end":{"line":119,"column":1}},"line":6},"1":{"name":"(anonymous_1)","decl":{"start":{"line":14,"column":12},"end":{"line":14,"column":13}},"loc":{"start":{"line":14,"column":18},"end":{"line":33,"column":3}},"line":14},"2":{"name":"(anonymous_2)","decl":{"start":{"line":16,"column":82},"end":{"line":16,"column":83}},"loc":{"start":{"line":16,"column":96},"end":{"line":18,"column":9}},"line":16},"3":{"name":"(anonymous_3)","decl":{"start":{"line":18,"column":17},"end":{"line":18,"column":18}},"loc":{"start":{"line":18,"column":26},"end":{"line":20,"column":9}},"line":18},"4":{"name":"(anonymous_4)","decl":{"start":{"line":22,"column":81},"end":{"line":22,"column":82}},"loc":{"start":{"line":22,"column":95},"end":{"line":24,"column":9}},"line":22},"5":{"name":"(anonymous_5)","decl":{"start":{"line":24,"column":17},"end":{"line":24,"column":18}},"loc":{"start":{"line":24,"column":26},"end":{"line":26,"column":9}},"line":24},"6":{"name":"(anonymous_6)","decl":{"start":{"line":28,"column":88},"end":{"line":28,"column":89}},"loc":{"start":{"line":28,"column":102},"end":{"line":30,"column":5}},"line":28},"7":{"name":"(anonymous_7)","decl":{"start":{"line":30,"column":13},"end":{"line":30,"column":14}},"loc":{"start":{"line":30,"column":22},"end":{"line":32,"column":5}},"line":30},"8":{"name":"(anonymous_8)","decl":{"start":{"line":35,"column":26},"end":{"line":35,"column":27}},"loc":{"start":{"line":35,"column":44},"end":{"line":40,"column":3}},"line":35},"9":{"name":"(anonymous_9)","decl":{"start":{"line":41,"column":24},"end":{"line":41,"column":25}},"loc":{"start":{"line":41,"column":42},"end":{"line":46,"column":3}},"line":41},"10":{"name":"(anonymous_10)","decl":{"start":{"line":48,"column":25},"end":{"line":48,"column":26}},"loc":{"start":{"line":48,"column":42},"end":{"line":69,"column":3}},"line":48},"11":{"name":"(anonymous_11)","decl":{"start":{"line":56,"column":49},"end":{"line":56,"column":50}},"loc":{"start":{"line":56,"column":57},"end":{"line":56,"column":75}},"line":56},"12":{"name":"(anonymous_12)","decl":{"start":{"line":57,"column":44},"end":{"line":57,"column":45}},"loc":{"start":{"line":57,"column":56},"end":{"line":61,"column":7}},"line":57},"13":{"name":"(anonymous_13)","decl":{"start":{"line":70,"column":21},"end":{"line":70,"column":22}},"loc":{"start":{"line":70,"column":27},"end":{"line":72,"column":3}},"line":70},"14":{"name":"(anonymous_14)","decl":{"start":{"line":71,"column":19},"end":{"line":71,"column":20}},"loc":{"start":{"line":71,"column":38},"end":{"line":71,"column":57}},"line":71},"15":{"name":"(anonymous_15)","decl":{"start":{"line":90,"column":47},"end":{"line":90,"column":48}},"loc":{"start":{"line":91,"column":20},"end":{"line":105,"column":26}},"line":91},"16":{"name":"(anonymous_16)","decl":{"start":{"line":94,"column":94},"end":{"line":94,"column":95}},"loc":{"start":{"line":94,"column":103},"end":{"line":94,"column":132}},"line":94},"17":{"name":"(anonymous_17)","decl":{"start":{"line":96,"column":43},"end":{"line":96,"column":44}},"loc":{"start":{"line":97,"column":28},"end":{"line":97,"column":103}},"line":97},"18":{"name":"(anonymous_18)","decl":{"start":{"line":103,"column":78},"end":{"line":103,"column":79}},"loc":{"start":{"line":103,"column":87},"end":{"line":103,"column":114}},"line":103}},"branchMap":{"0":{"loc":{"start":{"line":15,"column":4},"end":{"line":27,"column":5}},"type":"if","locations":[{"start":{"line":15,"column":4},"end":{"line":27,"column":5}},{"start":{"line":21,"column":11},"end":{"line":27,"column":5}}],"line":15},"1":{"loc":{"start":{"line":50,"column":4},"end":{"line":53,"column":5}},"type":"if","locations":[{"start":{"line":50,"column":4},"end":{"line":53,"column":5}},{"start":{},"end":{}}],"line":50},"2":{"loc":{"start":{"line":79,"column":13},"end":{"line":113,"column":13}},"type":"cond-expr","locations":[{"start":{"line":80,"column":14},"end":{"line":83,"column":20}},{"start":{"line":85,"column":14},"end":{"line":112,"column":20}}],"line":79},"3":{"loc":{"start":{"line":86,"column":43},"end":{"line":86,"column":106}},"type":"cond-expr","locations":[{"start":{"line":86,"column":69},"end":{"line":86,"column":86}},{"start":{"line":86,"column":89},"end":{"line":86,"column":106}}],"line":86},"4":{"loc":{"start":{"line":87,"column":27},"end":{"line":87,"column":75}},"type":"cond-expr","locations":[{"start":{"line":87,"column":53},"end":{"line":87,"column":62}},{"start":{"line":87,"column":65},"end":{"line":87,"column":75}}],"line":87},"5":{"loc":{"start":{"line":87,"column":168},"end":{"line":87,"column":216}},"type":"cond-expr","locations":[{"start":{"line":87,"column":194},"end":{"line":87,"column":203}},{"start":{"line":87,"column":206},"end":{"line":87,"column":216}}],"line":87},"6":{"loc":{"start":{"line":87,"column":234},"end":{"line":87,"column":282}},"type":"cond-expr","locations":[{"start":{"line":87,"column":260},"end":{"line":87,"column":269}},{"start":{"line":87,"column":272},"end":{"line":87,"column":282}}],"line":87},"7":{"loc":{"start":{"line":93,"column":77},"end":{"line":93,"column":138}},"type":"cond-expr","locations":[{"start":{"line":93,"column":103},"end":{"line":93,"column":119}},{"start":{"line":93,"column":122},"end":{"line":93,"column":138}}],"line":93},"8":{"loc":{"start":{"line":95,"column":44},"end":{"line":95,"column":123}},"type":"cond-expr","locations":[{"start":{"line":95,"column":70},"end":{"line":95,"column":95}},{"start":{"line":95,"column":98},"end":{"line":95,"column":123}}],"line":95}},"s":{"0":0,"1":0,"2":0,"3":0,"4":0,"5":0,"6":0,"7":0,"8":0,"9":0,"10":0,"11":0,"12":0,"13":0,"14":0,"15":0,"16":0,"17":0,"18":0,"19":0,"20":0,"21":0,"22":0,"23":0,"24":0,"25":0,"26":0,"27":0,"28":0,"29":0,"30":0,"31":0,"32":0,"33":0,"34":0,"35":0,"36":0,"37":0,"38":0,"39":0,"40":0,"41":0,"42":0,"43":0,"44":0,"45":0,"46":0,"47":0,"48":0,"49":0},"f":{"0":0,"1":0,"2":0,"3":0,"4":0,"5":0,"6":0,"7":0,"8":0,"9":0,"10":0,"11":0,"12":0,"13":0,"14":0,"15":0,"16":0,"17":0,"18":0},"b":{"0":[0,0],"1":[0,0],"2":[0,0],"3":[0,0],"4":[0,0],"5":[0,0],"6":[0,0],"7":[0,0],"8":[0,0]}}
,"/Users/oliverkochpaiz/Desktop/Psych-Dissertation-Matching/client/src/pages/Registration.js": {"path":"/Users/oliverkochpaiz/Desktop/Psych-Dissertation-Matching/client/src/pages/Registration.js","statementMap":{"0":{"start":{"line":8,"column":36},"end":{"line":8,"column":48}},"1":{"start":{"line":9,"column":34},"end":{"line":9,"column":46}},"2":{"start":{"line":10,"column":34},"end":{"line":10,"column":46}},"3":{"start":{"line":11,"column":34},"end":{"line":11,"column":46}},"4":{"start":{"line":12,"column":19},"end":{"line":12,"column":32}},"5":{"start":{"line":14,"column":23},"end":{"line":36,"column":3}},"6":{"start":{"line":15,"column":4},"end":{"line":15,"column":27}},"7":{"start":{"line":17,"column":15},"end":{"line":17,"column":59}},"8":{"start":{"line":19,"column":4},"end":{"line":35,"column":5}},"9":{"start":{"line":20,"column":6},"end":{"line":20,"column":30}},"10":{"start":{"line":21,"column":6},"end":{"line":21,"column":42}},"11":{"start":{"line":23,"column":6},"end":{"line":34,"column":7}},"12":{"start":{"line":24,"column":8},"end":{"line":29,"column":11}},"13":{"start":{"line":30,"column":8},"end":{"line":30,"column":46}},"14":{"start":{"line":31,"column":8},"end":{"line":31,"column":27}},"15":{"start":{"line":33,"column":8},"end":{"line":33,"column":47}},"16":{"start":{"line":38,"column":2},"end":{"line":144,"column":4}},"17":{"start":{"line":68,"column":43},"end":{"line":68,"column":75}},"18":{"start":{"line":83,"column":43},"end":{"line":83,"column":74}},"19":{"start":{"line":98,"column":43},"end":{"line":98,"column":74}},"20":{"start":{"line":113,"column":43},"end":{"line":113,"column":74}}},"fnMap":{"0":{"name":"Registration","decl":{"start":{"line":7,"column":9},"end":{"line":7,"column":21}},"loc":{"start":{"line":7,"column":24},"end":{"line":145,"column":1}},"line":7},"1":{"name":"(anonymous_1)","decl":{"start":{"line":14,"column":23},"end":{"line":14,"column":24}},"loc":{"start":{"line":14,"column":40},"end":{"line":36,"column":3}},"line":14},"2":{"name":"(anonymous_2)","decl":{"start":{"line":68,"column":32},"end":{"line":68,"column":33}},"loc":{"start":{"line":68,"column":43},"end":{"line":68,"column":75}},"line":68},"3":{"name":"(anonymous_3)","decl":{"start":{"line":83,"column":32},"end":{"line":83,"column":33}},"loc":{"start":{"line":83,"column":43},"end":{"line":83,"column":74}},"line":83},"4":{"name":"(anonymous_4)","decl":{"start":{"line":98,"column":32},"end":{"line":98,"column":33}},"loc":{"start":{"line":98,"column":43},"end":{"line":98,"column":74}},"line":98},"5":{"name":"(anonymous_5)","decl":{"start":{"line":113,"column":32},"end":{"line":113,"column":33}},"loc":{"start":{"line":113,"column":43},"end":{"line":113,"column":74}},"line":113}},"branchMap":{"0":{"loc":{"start":{"line":19,"column":4},"end":{"line":35,"column":5}},"type":"if","locations":[{"start":{"line":19,"column":4},"end":{"line":35,"column":5}},{"start":{"line":22,"column":11},"end":{"line":35,"column":5}}],"line":19}},"s":{"0":22,"1":22,"2":22,"3":22,"4":22,"5":22,"6":5,"7":5,"8":5,"9":2,"10":2,"11":3,"12":3,"13":2,"14":2,"15":1,"16":22,"17":4,"18":4,"19":4,"20":4},"f":{"0":22,"1":5,"2":4,"3":4,"4":4,"5":4},"b":{"0":[2,3]},"_coverageSchema":"1a1c01bbd47fc00a2c39e90264f33305004495a9","hash":"01935df11b369b018582cc80c9253a07e074101f"}
,"/Users/oliverkochpaiz/Desktop/Psych-Dissertation-Matching/client/src/pages/Schedule.js": {"path":"/Users/oliverkochpaiz/Desktop/Psych-Dissertation-Matching/client/src/pages/Schedule.js","statementMap":{"0":{"start":{"line":9,"column":44},"end":{"line":9,"column":56}},"1":{"start":{"line":10,"column":42},"end":{"line":10,"column":71}},"2":{"start":{"line":11,"column":52},"end":{"line":11,"column":63}},"3":{"start":{"line":12,"column":26},"end":{"line":12,"column":46}},"4":{"start":{"line":14,"column":24},"end":{"line":14,"column":107}},"5":{"start":{"line":15,"column":20},"end":{"line":28,"column":3}},"6":{"start":{"line":30,"column":2},"end":{"line":39,"column":9}},"7":{"start":{"line":31,"column":4},"end":{"line":38,"column":9}},"8":{"start":{"line":34,"column":8},"end":{"line":34,"column":40}},"9":{"start":{"line":37,"column":8},"end":{"line":37,"column":45}},"10":{"start":{"line":41,"column":26},"end":{"line":43,"column":3}},"11":{"start":{"line":42,"column":4},"end":{"line":42,"column":26}},"12":{"start":{"line":49,"column":23},"end":{"line":76,"column":3}},"13":{"start":{"line":50,"column":33},"end":{"line":50,"column":58}},"14":{"start":{"line":52,"column":26},"end":{"line":52,"column":40}},"15":{"start":{"line":53,"column":4},"end":{"line":53,"column":66}},"16":{"start":{"line":54,"column":4},"end":{"line":54,"column":68}},"17":{"start":{"line":56,"column":24},"end":{"line":56,"column":38}},"18":{"start":{"line":57,"column":4},"end":{"line":57,"column":62}},"19":{"start":{"line":58,"column":4},"end":{"line":58,"column":64}},"20":{"start":{"line":60,"column":4},"end":{"line":75,"column":5}},"21":{"start":{"line":61,"column":6},"end":{"line":71,"column":8}},"22":{"start":{"line":72,"column":6},"end":{"line":72,"column":55}},"23":{"start":{"line":74,"column":6},"end":{"line":74,"column":43}},"24":{"start":{"line":78,"column":28},"end":{"line":80,"column":3}},"25":{"start":{"line":79,"column":4},"end":{"line":79,"column":80}},"26":{"start":{"line":79,"column":40},"end":{"line":79,"column":78}},"27":{"start":{"line":82,"column":28},"end":{"line":86,"column":3}},"28":{"start":{"line":83,"column":4},"end":{"line":85,"column":6}},"29":{"start":{"line":84,"column":6},"end":{"line":84,"column":64}},"30":{"start":{"line":88,"column":2},"end":{"line":130,"column":5}},"31":{"start":{"line":117,"column":14},"end":{"line":125,"column":16}},"32":{"start":{"line":121,"column":31},"end":{"line":121,"column":52}}},"fnMap":{"0":{"name":"Schedule","decl":{"start":{"line":8,"column":9},"end":{"line":8,"column":17}},"loc":{"start":{"line":8,"column":20},"end":{"line":130,"column":6}},"line":8},"1":{"name":"(anonymous_1)","decl":{"start":{"line":30,"column":12},"end":{"line":30,"column":13}},"loc":{"start":{"line":30,"column":18},"end":{"line":39,"column":3}},"line":30},"2":{"name":"(anonymous_2)","decl":{"start":{"line":33,"column":12},"end":{"line":33,"column":13}},"loc":{"start":{"line":33,"column":26},"end":{"line":35,"column":7}},"line":33},"3":{"name":"(anonymous_3)","decl":{"start":{"line":36,"column":13},"end":{"line":36,"column":14}},"loc":{"start":{"line":36,"column":22},"end":{"line":38,"column":7}},"line":36},"4":{"name":"(anonymous_4)","decl":{"start":{"line":41,"column":26},"end":{"line":41,"column":27}},"loc":{"start":{"line":41,"column":36},"end":{"line":43,"column":3}},"line":41},"5":{"name":"(anonymous_5)","decl":{"start":{"line":49,"column":23},"end":{"line":49,"column":24}},"loc":{"start":{"line":49,"column":35},"end":{"line":76,"column":3}},"line":49},"6":{"name":"(anonymous_6)","decl":{"start":{"line":78,"column":28},"end":{"line":78,"column":29}},"loc":{"start":{"line":78,"column":34},"end":{"line":80,"column":3}},"line":78},"7":{"name":"(anonymous_7)","decl":{"start":{"line":79,"column":25},"end":{"line":79,"column":26}},"loc":{"start":{"line":79,"column":40},"end":{"line":79,"column":78}},"line":79},"8":{"name":"(anonymous_8)","decl":{"start":{"line":82,"column":28},"end":{"line":82,"column":29}},"loc":{"start":{"line":82,"column":34},"end":{"line":86,"column":3}},"line":82},"9":{"name":"(anonymous_9)","decl":{"start":{"line":83,"column":25},"end":{"line":83,"column":26}},"loc":{"start":{"line":84,"column":6},"end":{"line":84,"column":64}},"line":84},"10":{"name":"(anonymous_10)","decl":{"start":{"line":116,"column":25},"end":{"line":116,"column":26}},"loc":{"start":{"line":116,"column":42},"end":{"line":126,"column":13}},"line":116},"11":{"name":"(anonymous_11)","decl":{"start":{"line":121,"column":25},"end":{"line":121,"column":26}},"loc":{"start":{"line":121,"column":31},"end":{"line":121,"column":52}},"line":121}},"branchMap":{"0":{"loc":{"start":{"line":84,"column":6},"end":{"line":84,"column":64}},"type":"cond-expr","locations":[{"start":{"line":84,"column":24},"end":{"line":84,"column":48}},{"start":{"line":84,"column":51},"end":{"line":84,"column":64}}],"line":84},"1":{"loc":{"start":{"line":119,"column":40},"end":{"line":119,"column":79}},"type":"cond-expr","locations":[{"start":{"line":119,"column":64},"end":{"line":119,"column":74}},{"start":{"line":119,"column":77},"end":{"line":119,"column":79}}],"line":119}},"s":{"0":19,"1":19,"2":19,"3":19,"4":19,"5":19,"6":19,"7":7,"8":6,"9":1,"10":19,"11":1,"12":19,"13":2,"14":2,"15":2,"16":2,"17":2,"18":2,"19":2,"20":2,"21":2,"22":1,"23":1,"24":19,"25":2,"26":2,"27":19,"28":3,"29":3,"30":19,"31":228,"32":1},"f":{"0":19,"1":7,"2":6,"3":1,"4":1,"5":2,"6":2,"7":2,"8":3,"9":3,"10":228,"11":1},"b":{"0":[2,1],"1":[19,209]},"_coverageSchema":"1a1c01bbd47fc00a2c39e90264f33305004495a9","hash":"47b0f3689b054acbb0567f2004806fcf84f2e8bb"}
,"/Users/oliverkochpaiz/Desktop/Psych-Dissertation-Matching/client/src/pages/UserSettings.js": {"path":"/Users/oliverkochpaiz/Desktop/Psych-Dissertation-Matching/client/src/pages/UserSettings.js","statementMap":{"0":{"start":{"line":7,"column":28},"end":{"line":12,"column":1}},"1":{"start":{"line":8,"column":26},"end":{"line":8,"column":38}},"2":{"start":{"line":9,"column":34},"end":{"line":9,"column":46}},"3":{"start":{"line":11,"column":2},"end":{"line":11,"column":20}}},"fnMap":{"0":{"name":"(anonymous_0)","decl":{"start":{"line":7,"column":28},"end":{"line":7,"column":29}},"loc":{"start":{"line":7,"column":34},"end":{"line":12,"column":1}},"line":7}},"branchMap":{},"s":{"0":0,"1":0,"2":0,"3":0},"f":{"0":0},"b":{}}
}
