{"/Users/oliverkochpaiz/Desktop/Psych-Dissertation-Matching/client/src/App.js": {"path":"/Users/oliverkochpaiz/Desktop/Psych-Dissertation-Matching/client/src/App.js","statementMap":{"0":{"start":{"line":19,"column":2},"end":{"line":38,"column":4}}},"fnMap":{"0":{"name":"App","decl":{"start":{"line":18,"column":9},"end":{"line":18,"column":12}},"loc":{"start":{"line":18,"column":15},"end":{"line":39,"column":1}},"line":18}},"branchMap":{},"s":{"0":0},"f":{"0":0},"b":{}}
,"/Users/oliverkochpaiz/Desktop/Psych-Dissertation-Matching/client/src/index.js": {"path":"/Users/oliverkochpaiz/Desktop/Psych-Dissertation-Matching/client/src/index.js","statementMap":{"0":{"start":{"line":9,"column":13},"end":{"line":9,"column":65}},"1":{"start":{"line":10,"column":0},"end":{"line":16,"column":2}},"2":{"start":{"line":21,"column":0},"end":{"line":21,"column":18}}},"fnMap":{},"branchMap":{},"s":{"0":0,"1":0,"2":0},"f":{},"b":{}}
,"/Users/oliverkochpaiz/Desktop/Psych-Dissertation-Matching/client/src/reportWebVitals.js": {"path":"/Users/oliverkochpaiz/Desktop/Psych-Dissertation-Matching/client/src/reportWebVitals.js","statementMap":{"0":{"start":{"line":1,"column":24},"end":{"line":11,"column":1}},"1":{"start":{"line":2,"column":2},"end":{"line":10,"column":3}},"2":{"start":{"line":3,"column":4},"end":{"line":9,"column":7}},"3":{"start":{"line":4,"column":6},"end":{"line":4,"column":26}},"4":{"start":{"line":5,"column":6},"end":{"line":5,"column":26}},"5":{"start":{"line":6,"column":6},"end":{"line":6,"column":26}},"6":{"start":{"line":7,"column":6},"end":{"line":7,"column":26}},"7":{"start":{"line":8,"column":6},"end":{"line":8,"column":27}}},"fnMap":{"0":{"name":"(anonymous_0)","decl":{"start":{"line":1,"column":24},"end":{"line":1,"column":25}},"loc":{"start":{"line":1,"column":39},"end":{"line":11,"column":1}},"line":1},"1":{"name":"(anonymous_1)","decl":{"start":{"line":3,"column":30},"end":{"line":3,"column":31}},"loc":{"start":{"line":3,"column":79},"end":{"line":9,"column":5}},"line":3}},"branchMap":{"0":{"loc":{"start":{"line":2,"column":2},"end":{"line":10,"column":3}},"type":"if","locations":[{"start":{"line":2,"column":2},"end":{"line":10,"column":3}},{"start":{},"end":{}}],"line":2},"1":{"loc":{"start":{"line":2,"column":6},"end":{"line":2,"column":52}},"type":"binary-expr","locations":[{"start":{"line":2,"column":6},"end":{"line":2,"column":17}},{"start":{"line":2,"column":21},"end":{"line":2,"column":52}}],"line":2}},"s":{"0":0,"1":0,"2":0,"3":0,"4":0,"5":0,"6":0,"7":0},"f":{"0":0,"1":0},"b":{"0":[0,0],"1":[0,0]}}
,"/Users/oliverkochpaiz/Desktop/Psych-Dissertation-Matching/client/src/ProtectedRoutes/ProtectedRoute.js": {"path":"/Users/oliverkochpaiz/Desktop/Psych-Dissertation-Matching/client/src/ProtectedRoutes/ProtectedRoute.js","statementMap":{"0":{"start":{"line":5,"column":30},"end":{"line":9,"column":1}},"1":{"start":{"line":6,"column":19},"end":{"line":6,"column":42}},"2":{"start":{"line":8,"column":2},"end":{"line":8,"column":54}}},"fnMap":{"0":{"name":"(anonymous_0)","decl":{"start":{"line":5,"column":30},"end":{"line":5,"column":31}},"loc":{"start":{"line":5,"column":36},"end":{"line":9,"column":1}},"line":5}},"branchMap":{"0":{"loc":{"start":{"line":8,"column":9},"end":{"line":8,"column":53}},"type":"cond-expr","locations":[{"start":{"line":8,"column":16},"end":{"line":8,"column":26}},{"start":{"line":8,"column":29},"end":{"line":8,"column":53}}],"line":8}},"s":{"0":0,"1":0,"2":0},"f":{"0":0},"b":{"0":[0,0]}}
,"/Users/oliverkochpaiz/Desktop/Psych-Dissertation-Matching/client/src/components/ExampleCard.js": {"path":"/Users/oliverkochpaiz/Desktop/Psych-Dissertation-Matching/client/src/components/ExampleCard.js","statementMap":{"0":{"start":{"line":6,"column":2},"end":{"line":24,"column":4}}},"fnMap":{"0":{"name":"BasicExample","decl":{"start":{"line":5,"column":9},"end":{"line":5,"column":21}},"loc":{"start":{"line":5,"column":24},"end":{"line":25,"column":1}},"line":5}},"branchMap":{},"s":{"0":0},"f":{"0":0},"b":{}}
,"/Users/oliverkochpaiz/Desktop/Psych-Dissertation-Matching/client/src/components/Navbar.js": {"path":"/Users/oliverkochpaiz/Desktop/Psych-Dissertation-Matching/client/src/components/Navbar.js","statementMap":{"0":{"start":{"line":10,"column":31},"end":{"line":92,"column":1}},"1":{"start":{"line":11,"column":27},"end":{"line":11,"column":50}},"2":{"start":{"line":12,"column":19},"end":{"line":12,"column":32}},"3":{"start":{"line":14,"column":23},"end":{"line":23,"column":3}},"4":{"start":{"line":15,"column":4},"end":{"line":22,"column":5}},"5":{"start":{"line":16,"column":6},"end":{"line":16,"column":21}},"6":{"start":{"line":17,"column":6},"end":{"line":17,"column":25}},"7":{"start":{"line":19,"column":6},"end":{"line":21,"column":7}},"8":{"start":{"line":20,"column":8},"end":{"line":20,"column":53}},"9":{"start":{"line":25,"column":2},"end":{"line":91,"column":4}}},"fnMap":{"0":{"name":"(anonymous_0)","decl":{"start":{"line":10,"column":31},"end":{"line":10,"column":32}},"loc":{"start":{"line":10,"column":37},"end":{"line":92,"column":1}},"line":10},"1":{"name":"(anonymous_1)","decl":{"start":{"line":14,"column":23},"end":{"line":14,"column":24}},"loc":{"start":{"line":14,"column":35},"end":{"line":23,"column":3}},"line":14}},"branchMap":{"0":{"loc":{"start":{"line":19,"column":6},"end":{"line":21,"column":7}},"type":"if","locations":[{"start":{"line":19,"column":6},"end":{"line":21,"column":7}},{"start":{},"end":{}}],"line":19},"1":{"loc":{"start":{"line":53,"column":15},"end":{"line":85,"column":15}},"type":"cond-expr","locations":[{"start":{"line":54,"column":16},"end":{"line":75,"column":30}},{"start":{"line":77,"column":16},"end":{"line":84,"column":19}}],"line":53}},"s":{"0":0,"1":0,"2":0,"3":0,"4":0,"5":0,"6":0,"7":0,"8":0,"9":0},"f":{"0":0,"1":0},"b":{"0":[0,0],"1":[0,0]}}
,"/Users/oliverkochpaiz/Desktop/Psych-Dissertation-Matching/client/src/context/AuthContext.js": {"path":"/Users/oliverkochpaiz/Desktop/Psych-Dissertation-Matching/client/src/context/AuthContext.js","statementMap":{"0":{"start":{"line":4,"column":27},"end":{"line":4,"column":42}},"1":{"start":{"line":6,"column":35},"end":{"line":55,"column":1}},"2":{"start":{"line":7,"column":26},"end":{"line":7,"column":40}},"3":{"start":{"line":8,"column":32},"end":{"line":8,"column":46}},"4":{"start":{"line":10,"column":16},"end":{"line":22,"column":3}},"5":{"start":{"line":11,"column":21},"end":{"line":20,"column":5}},"6":{"start":{"line":21,"column":4},"end":{"line":21,"column":36}},"7":{"start":{"line":24,"column":17},"end":{"line":29,"column":3}},"8":{"start":{"line":25,"column":4},"end":{"line":27,"column":7}},"9":{"start":{"line":28,"column":4},"end":{"line":28,"column":18}},"10":{"start":{"line":31,"column":20},"end":{"line":44,"column":3}},"11":{"start":{"line":32,"column":4},"end":{"line":43,"column":5}},"12":{"start":{"line":33,"column":23},"end":{"line":35,"column":8}},"13":{"start":{"line":36,"column":6},"end":{"line":36,"column":38}},"14":{"start":{"line":37,"column":6},"end":{"line":37,"column":46}},"15":{"start":{"line":39,"column":6},"end":{"line":39,"column":51}},"16":{"start":{"line":40,"column":6},"end":{"line":40,"column":20}},"17":{"start":{"line":42,"column":6},"end":{"line":42,"column":24}},"18":{"start":{"line":46,"column":2},"end":{"line":48,"column":9}},"19":{"start":{"line":47,"column":4},"end":{"line":47,"column":16}},"20":{"start":{"line":50,"column":2},"end":{"line":54,"column":4}}},"fnMap":{"0":{"name":"(anonymous_0)","decl":{"start":{"line":6,"column":35},"end":{"line":6,"column":36}},"loc":{"start":{"line":6,"column":53},"end":{"line":55,"column":1}},"line":6},"1":{"name":"(anonymous_1)","decl":{"start":{"line":10,"column":16},"end":{"line":10,"column":17}},"loc":{"start":{"line":10,"column":46},"end":{"line":22,"column":3}},"line":10},"2":{"name":"(anonymous_2)","decl":{"start":{"line":24,"column":17},"end":{"line":24,"column":18}},"loc":{"start":{"line":24,"column":29},"end":{"line":29,"column":3}},"line":24},"3":{"name":"(anonymous_3)","decl":{"start":{"line":31,"column":20},"end":{"line":31,"column":21}},"loc":{"start":{"line":31,"column":32},"end":{"line":44,"column":3}},"line":31},"4":{"name":"(anonymous_4)","decl":{"start":{"line":46,"column":12},"end":{"line":46,"column":13}},"loc":{"start":{"line":46,"column":18},"end":{"line":48,"column":3}},"line":46}},"branchMap":{"0":{"loc":{"start":{"line":52,"column":7},"end":{"line":52,"column":27}},"type":"binary-expr","locations":[{"start":{"line":52,"column":7},"end":{"line":52,"column":15}},{"start":{"line":52,"column":19},"end":{"line":52,"column":27}}],"line":52}},"s":{"0":0,"1":0,"2":0,"3":0,"4":0,"5":0,"6":0,"7":0,"8":0,"9":0,"10":0,"11":0,"12":0,"13":0,"14":0,"15":0,"16":0,"17":0,"18":0,"19":0,"20":0},"f":{"0":0,"1":0,"2":0,"3":0,"4":0},"b":{"0":[0,0]}}
,"/Users/oliverkochpaiz/Desktop/Psych-Dissertation-Matching/client/src/pages/Home.js": {"path":"/Users/oliverkochpaiz/Desktop/Psych-Dissertation-Matching/client/src/pages/Home.js","statementMap":{"0":{"start":{"line":6,"column":44},"end":{"line":6,"column":56}},"1":{"start":{"line":8,"column":2},"end":{"line":17,"column":9}},"2":{"start":{"line":9,"column":4},"end":{"line":16,"column":9}},"3":{"start":{"line":12,"column":8},"end":{"line":12,"column":40}},"4":{"start":{"line":15,"column":8},"end":{"line":15,"column":45}},"5":{"start":{"line":18,"column":2},"end":{"line":88,"column":4}},"6":{"start":{"line":28,"column":10},"end":{"line":84,"column":12}}},"fnMap":{"0":{"name":"Home","decl":{"start":{"line":5,"column":9},"end":{"line":5,"column":13}},"loc":{"start":{"line":5,"column":16},"end":{"line":89,"column":1}},"line":5},"1":{"name":"(anonymous_1)","decl":{"start":{"line":8,"column":12},"end":{"line":8,"column":13}},"loc":{"start":{"line":8,"column":18},"end":{"line":17,"column":3}},"line":8},"2":{"name":"(anonymous_2)","decl":{"start":{"line":11,"column":12},"end":{"line":11,"column":13}},"loc":{"start":{"line":11,"column":26},"end":{"line":13,"column":7}},"line":11},"3":{"name":"(anonymous_3)","decl":{"start":{"line":14,"column":13},"end":{"line":14,"column":14}},"loc":{"start":{"line":14,"column":22},"end":{"line":16,"column":7}},"line":14},"4":{"name":"(anonymous_4)","decl":{"start":{"line":27,"column":27},"end":{"line":27,"column":28}},"loc":{"start":{"line":27,"column":43},"end":{"line":85,"column":9}},"line":27}},"branchMap":{},"s":{"0":3,"1":3,"2":2,"3":1,"4":1,"5":3,"6":1},"f":{"0":3,"1":2,"2":1,"3":1,"4":1},"b":{},"_coverageSchema":"1a1c01bbd47fc00a2c39e90264f33305004495a9","hash":"d29f3c84268227ee1b55ce14e229c6c978888baa"}
,"/Users/oliverkochpaiz/Desktop/Psych-Dissertation-Matching/client/src/pages/Login.js": {"path":"/Users/oliverkochpaiz/Desktop/Psych-Dissertation-Matching/client/src/pages/Login.js","statementMap":{"0":{"start":{"line":7,"column":21},"end":{"line":92,"column":1}},"1":{"start":{"line":8,"column":19},"end":{"line":8,"column":27}},"2":{"start":{"line":9,"column":19},"end":{"line":9,"column":27}},"3":{"start":{"line":10,"column":42},"end":{"line":10,"column":54}},"4":{"start":{"line":11,"column":19},"end":{"line":11,"column":32}},"5":{"start":{"line":12,"column":20},"end":{"line":12,"column":43}},"6":{"start":{"line":14,"column":23},"end":{"line":25,"column":3}},"7":{"start":{"line":15,"column":4},"end":{"line":15,"column":23}},"8":{"start":{"line":16,"column":4},"end":{"line":24,"column":5}},"9":{"start":{"line":17,"column":6},"end":{"line":17,"column":66}},"10":{"start":{"line":18,"column":6},"end":{"line":18,"column":20}},"11":{"start":{"line":21,"column":6},"end":{"line":23,"column":7}},"12":{"start":{"line":22,"column":8},"end":{"line":22,"column":55}},"13":{"start":{"line":26,"column":2},"end":{"line":91,"column":4}},"14":{"start":{"line":52,"column":30},"end":{"line":52,"column":49}},"15":{"start":{"line":66,"column":30},"end":{"line":66,"column":49}}},"fnMap":{"0":{"name":"(anonymous_0)","decl":{"start":{"line":7,"column":21},"end":{"line":7,"column":22}},"loc":{"start":{"line":7,"column":27},"end":{"line":92,"column":1}},"line":7},"1":{"name":"(anonymous_1)","decl":{"start":{"line":14,"column":23},"end":{"line":14,"column":24}},"loc":{"start":{"line":14,"column":36},"end":{"line":25,"column":3}},"line":14},"2":{"name":"(anonymous_2)","decl":{"start":{"line":52,"column":24},"end":{"line":52,"column":25}},"loc":{"start":{"line":52,"column":30},"end":{"line":52,"column":49}},"line":52},"3":{"name":"(anonymous_3)","decl":{"start":{"line":66,"column":24},"end":{"line":66,"column":25}},"loc":{"start":{"line":66,"column":30},"end":{"line":66,"column":49}},"line":66}},"branchMap":{"0":{"loc":{"start":{"line":21,"column":6},"end":{"line":23,"column":7}},"type":"if","locations":[{"start":{"line":21,"column":6},"end":{"line":23,"column":7}},{"start":{},"end":{}}],"line":21},"1":{"loc":{"start":{"line":72,"column":24},"end":{"line":72,"column":75}},"type":"cond-expr","locations":[{"start":{"line":72,"column":39},"end":{"line":72,"column":64}},{"start":{"line":72,"column":67},"end":{"line":72,"column":75}}],"line":72}},"s":{"0":0,"1":0,"2":0,"3":0,"4":0,"5":0,"6":0,"7":0,"8":0,"9":0,"10":0,"11":0,"12":0,"13":0,"14":0,"15":0},"f":{"0":0,"1":0,"2":0,"3":0},"b":{"0":[0,0],"1":[0,0]}}
,"/Users/oliverkochpaiz/Desktop/Psych-Dissertation-Matching/client/src/pages/MeetingRequest.js": {"path":"/Users/oliverkochpaiz/Desktop/Psych-Dissertation-Matching/client/src/pages/MeetingRequest.js","statementMap":{"0":{"start":{"line":5,"column":30},"end":{"line":46,"column":1}},"1":{"start":{"line":6,"column":44},"end":{"line":6,"column":56}},"2":{"start":{"line":8,"column":2},"end":{"line":17,"column":22}},"3":{"start":{"line":9,"column":4},"end":{"line":16,"column":9}},"4":{"start":{"line":12,"column":8},"end":{"line":12,"column":40}},"5":{"start":{"line":15,"column":8},"end":{"line":15,"column":47}},"6":{"start":{"line":19,"column":2},"end":{"line":45,"column":4}}},"fnMap":{"0":{"name":"(anonymous_0)","decl":{"start":{"line":5,"column":30},"end":{"line":5,"column":31}},"loc":{"start":{"line":5,"column":36},"end":{"line":46,"column":1}},"line":5},"1":{"name":"(anonymous_1)","decl":{"start":{"line":8,"column":12},"end":{"line":8,"column":13}},"loc":{"start":{"line":8,"column":18},"end":{"line":17,"column":3}},"line":8},"2":{"name":"(anonymous_2)","decl":{"start":{"line":11,"column":12},"end":{"line":11,"column":13}},"loc":{"start":{"line":11,"column":26},"end":{"line":13,"column":7}},"line":11},"3":{"name":"(anonymous_3)","decl":{"start":{"line":14,"column":13},"end":{"line":14,"column":14}},"loc":{"start":{"line":14,"column":22},"end":{"line":16,"column":7}},"line":14}},"branchMap":{},"s":{"0":0,"1":0,"2":0,"3":0,"4":0,"5":0,"6":0},"f":{"0":0,"1":0,"2":0,"3":0},"b":{}}
,"/Users/oliverkochpaiz/Desktop/Psych-Dissertation-Matching/client/src/pages/Profile.js": {"path":"/Users/oliverkochpaiz/Desktop/Psych-Dissertation-Matching/client/src/pages/Profile.js","statementMap":{"0":{"start":{"line":11,"column":23},"end":{"line":170,"column":1}},"1":{"start":{"line":12,"column":30},"end":{"line":12,"column":53}},"2":{"start":{"line":14,"column":2},"end":{"line":16,"column":9}},"3":{"start":{"line":15,"column":4},"end":{"line":15,"column":16}},"4":{"start":{"line":18,"column":36},"end":{"line":18,"column":76}},"5":{"start":{"line":19,"column":34},"end":{"line":19,"column":73}},"6":{"start":{"line":20,"column":34},"end":{"line":20,"column":73}},"7":{"start":{"line":23,"column":40},"end":{"line":25,"column":3}},"8":{"start":{"line":26,"column":34},"end":{"line":26,"column":73}},"9":{"start":{"line":28,"column":26},"end":{"line":28,"column":36}},"10":{"start":{"line":29,"column":23},"end":{"line":58,"column":3}},"11":{"start":{"line":30,"column":4},"end":{"line":30,"column":23}},"12":{"start":{"line":31,"column":21},"end":{"line":31,"column":35}},"13":{"start":{"line":32,"column":4},"end":{"line":32,"column":44}},"14":{"start":{"line":33,"column":4},"end":{"line":33,"column":42}},"15":{"start":{"line":34,"column":4},"end":{"line":34,"column":42}},"16":{"start":{"line":36,"column":4},"end":{"line":40,"column":5}},"17":{"start":{"line":37,"column":6},"end":{"line":37,"column":50}},"18":{"start":{"line":38,"column":6},"end":{"line":38,"column":44}},"19":{"start":{"line":39,"column":6},"end":{"line":39,"column":42}},"20":{"start":{"line":41,"column":4},"end":{"line":57,"column":5}},"21":{"start":{"line":42,"column":23},"end":{"line":50,"column":7}},"22":{"start":{"line":51,"column":6},"end":{"line":51,"column":24}},"23":{"start":{"line":52,"column":6},"end":{"line":52,"column":43}},"24":{"start":{"line":54,"column":6},"end":{"line":56,"column":7}},"25":{"start":{"line":55,"column":8},"end":{"line":55,"column":51}},"26":{"start":{"line":60,"column":2},"end":{"line":169,"column":4}},"27":{"start":{"line":85,"column":20},"end":{"line":85,"column":47}},"28":{"start":{"line":97,"column":18},"end":{"line":97,"column":47}},"29":{"start":{"line":107,"column":18},"end":{"line":107,"column":46}},"30":{"start":{"line":120,"column":18},"end":{"line":120,"column":46}},"31":{"start":{"line":139,"column":20},"end":{"line":139,"column":51}},"32":{"start":{"line":151,"column":20},"end":{"line":151,"column":48}}},"fnMap":{"0":{"name":"(anonymous_0)","decl":{"start":{"line":11,"column":23},"end":{"line":11,"column":24}},"loc":{"start":{"line":11,"column":29},"end":{"line":170,"column":1}},"line":11},"1":{"name":"(anonymous_1)","decl":{"start":{"line":14,"column":12},"end":{"line":14,"column":13}},"loc":{"start":{"line":14,"column":18},"end":{"line":16,"column":3}},"line":14},"2":{"name":"(anonymous_2)","decl":{"start":{"line":29,"column":23},"end":{"line":29,"column":24}},"loc":{"start":{"line":29,"column":36},"end":{"line":58,"column":3}},"line":29},"3":{"name":"(anonymous_3)","decl":{"start":{"line":84,"column":28},"end":{"line":84,"column":29}},"loc":{"start":{"line":84,"column":35},"end":{"line":86,"column":19}},"line":84},"4":{"name":"(anonymous_4)","decl":{"start":{"line":96,"column":26},"end":{"line":96,"column":27}},"loc":{"start":{"line":96,"column":33},"end":{"line":98,"column":17}},"line":96},"5":{"name":"(anonymous_5)","decl":{"start":{"line":106,"column":26},"end":{"line":106,"column":27}},"loc":{"start":{"line":106,"column":33},"end":{"line":108,"column":17}},"line":106},"6":{"name":"(anonymous_6)","decl":{"start":{"line":119,"column":26},"end":{"line":119,"column":27}},"loc":{"start":{"line":119,"column":33},"end":{"line":121,"column":17}},"line":119},"7":{"name":"(anonymous_7)","decl":{"start":{"line":138,"column":28},"end":{"line":138,"column":29}},"loc":{"start":{"line":138,"column":35},"end":{"line":140,"column":19}},"line":138},"8":{"name":"(anonymous_8)","decl":{"start":{"line":150,"column":28},"end":{"line":150,"column":29}},"loc":{"start":{"line":150,"column":35},"end":{"line":152,"column":19}},"line":150}},"branchMap":{"0":{"loc":{"start":{"line":18,"column":45},"end":{"line":18,"column":75}},"type":"binary-expr","locations":[{"start":{"line":18,"column":46},"end":{"line":18,"column":50}},{"start":{"line":18,"column":54},"end":{"line":18,"column":68}},{"start":{"line":18,"column":73},"end":{"line":18,"column":75}}],"line":18},"1":{"loc":{"start":{"line":19,"column":43},"end":{"line":19,"column":72}},"type":"binary-expr","locations":[{"start":{"line":19,"column":44},"end":{"line":19,"column":48}},{"start":{"line":19,"column":52},"end":{"line":19,"column":65}},{"start":{"line":19,"column":70},"end":{"line":19,"column":72}}],"line":19},"2":{"loc":{"start":{"line":20,"column":43},"end":{"line":20,"column":72}},"type":"binary-expr","locations":[{"start":{"line":20,"column":44},"end":{"line":20,"column":48}},{"start":{"line":20,"column":52},"end":{"line":20,"column":65}},{"start":{"line":20,"column":70},"end":{"line":20,"column":72}}],"line":20},"3":{"loc":{"start":{"line":24,"column":4},"end":{"line":24,"column":36}},"type":"binary-expr","locations":[{"start":{"line":24,"column":5},"end":{"line":24,"column":9}},{"start":{"line":24,"column":13},"end":{"line":24,"column":29}},{"start":{"line":24,"column":34},"end":{"line":24,"column":36}}],"line":24},"4":{"loc":{"start":{"line":26,"column":43},"end":{"line":26,"column":72}},"type":"binary-expr","locations":[{"start":{"line":26,"column":44},"end":{"line":26,"column":48}},{"start":{"line":26,"column":52},"end":{"line":26,"column":65}},{"start":{"line":26,"column":70},"end":{"line":26,"column":72}}],"line":26},"5":{"loc":{"start":{"line":36,"column":4},"end":{"line":40,"column":5}},"type":"if","locations":[{"start":{"line":36,"column":4},"end":{"line":40,"column":5}},{"start":{},"end":{}}],"line":36},"6":{"loc":{"start":{"line":54,"column":6},"end":{"line":56,"column":7}},"type":"if","locations":[{"start":{"line":54,"column":6},"end":{"line":56,"column":7}},{"start":{},"end":{}}],"line":54},"7":{"loc":{"start":{"line":78,"column":13},"end":{"line":89,"column":13}},"type":"binary-expr","locations":[{"start":{"line":78,"column":13},"end":{"line":78,"column":17}},{"start":{"line":78,"column":21},"end":{"line":78,"column":44}},{"start":{"line":79,"column":14},"end":{"line":88,"column":27}}],"line":78},"8":{"loc":{"start":{"line":130,"column":11},"end":{"line":157,"column":11}},"type":"binary-expr","locations":[{"start":{"line":130,"column":11},"end":{"line":130,"column":15}},{"start":{"line":130,"column":19},"end":{"line":130,"column":42}},{"start":{"line":131,"column":12},"end":{"line":156,"column":18}}],"line":130}},"s":{"0":0,"1":0,"2":0,"3":0,"4":0,"5":0,"6":0,"7":0,"8":0,"9":0,"10":0,"11":0,"12":0,"13":0,"14":0,"15":0,"16":0,"17":0,"18":0,"19":0,"20":0,"21":0,"22":0,"23":0,"24":0,"25":0,"26":0,"27":0,"28":0,"29":0,"30":0,"31":0,"32":0},"f":{"0":0,"1":0,"2":0,"3":0,"4":0,"5":0,"6":0,"7":0,"8":0},"b":{"0":[0,0,0],"1":[0,0,0],"2":[0,0,0],"3":[0,0,0],"4":[0,0,0],"5":[0,0],"6":[0,0],"7":[0,0,0],"8":[0,0,0]}}
,"/Users/oliverkochpaiz/Desktop/Psych-Dissertation-Matching/client/src/pages/Rank.js": {"path":"/Users/oliverkochpaiz/Desktop/Psych-Dissertation-Matching/client/src/pages/Rank.js","statementMap":{"0":{"start":{"line":6,"column":44},"end":{"line":6,"column":56}},"1":{"start":{"line":7,"column":44},"end":{"line":7,"column":56}},"2":{"start":{"line":9,"column":2},"end":{"line":15,"column":9}},"3":{"start":{"line":10,"column":4},"end":{"line":14,"column":9}},"4":{"start":{"line":11,"column":6},"end":{"line":11,"column":38}},"5":{"start":{"line":13,"column":6},"end":{"line":13,"column":43}},"6":{"start":{"line":18,"column":26},"end":{"line":26,"column":3}},"7":{"start":{"line":19,"column":4},"end":{"line":25,"column":5}},"8":{"start":{"line":20,"column":6},"end":{"line":20,"column":75}},"9":{"start":{"line":20,"column":55},"end":{"line":20,"column":72}},"10":{"start":{"line":21,"column":6},"end":{"line":21,"column":50}},"11":{"start":{"line":23,"column":6},"end":{"line":23,"column":75}},"12":{"start":{"line":23,"column":55},"end":{"line":23,"column":72}},"13":{"start":{"line":24,"column":6},"end":{"line":24,"column":50}},"14":{"start":{"line":28,"column":25},"end":{"line":45,"column":3}},"15":{"start":{"line":29,"column":4},"end":{"line":32,"column":5}},"16":{"start":{"line":30,"column":6},"end":{"line":30,"column":52}},"17":{"start":{"line":31,"column":6},"end":{"line":31,"column":13}},"18":{"start":{"line":33,"column":4},"end":{"line":44,"column":5}},"19":{"start":{"line":34,"column":26},"end":{"line":37,"column":9}},"20":{"start":{"line":34,"column":63},"end":{"line":37,"column":7}},"21":{"start":{"line":39,"column":6},"end":{"line":39,"column":99}},"22":{"start":{"line":40,"column":6},"end":{"line":40,"column":50}},"23":{"start":{"line":43,"column":6},"end":{"line":43,"column":47}},"24":{"start":{"line":48,"column":2},"end":{"line":145,"column":4}},"25":{"start":{"line":63,"column":12},"end":{"line":83,"column":14}},"26":{"start":{"line":67,"column":31},"end":{"line":67,"column":53}},"27":{"start":{"line":75,"column":21},"end":{"line":75,"column":67}},"28":{"start":{"line":77,"column":40},"end":{"line":77,"column":69}},"29":{"start":{"line":112,"column":14},"end":{"line":139,"column":19}},"30":{"start":{"line":121,"column":31},"end":{"line":121,"column":55}}},"fnMap":{"0":{"name":"Rank","decl":{"start":{"line":5,"column":9},"end":{"line":5,"column":13}},"loc":{"start":{"line":5,"column":16},"end":{"line":146,"column":1}},"line":5},"1":{"name":"(anonymous_1)","decl":{"start":{"line":9,"column":12},"end":{"line":9,"column":13}},"loc":{"start":{"line":9,"column":18},"end":{"line":15,"column":3}},"line":9},"2":{"name":"(anonymous_2)","decl":{"start":{"line":10,"column":79},"end":{"line":10,"column":80}},"loc":{"start":{"line":10,"column":93},"end":{"line":12,"column":5}},"line":10},"3":{"name":"(anonymous_3)","decl":{"start":{"line":12,"column":13},"end":{"line":12,"column":14}},"loc":{"start":{"line":12,"column":22},"end":{"line":14,"column":7}},"line":12},"4":{"name":"(anonymous_4)","decl":{"start":{"line":18,"column":26},"end":{"line":18,"column":27}},"loc":{"start":{"line":18,"column":37},"end":{"line":26,"column":3}},"line":18},"5":{"name":"(anonymous_5)","decl":{"start":{"line":20,"column":44},"end":{"line":20,"column":45}},"loc":{"start":{"line":20,"column":55},"end":{"line":20,"column":72}},"line":20},"6":{"name":"(anonymous_6)","decl":{"start":{"line":23,"column":44},"end":{"line":23,"column":45}},"loc":{"start":{"line":23,"column":55},"end":{"line":23,"column":72}},"line":23},"7":{"name":"(anonymous_7)","decl":{"start":{"line":28,"column":25},"end":{"line":28,"column":26}},"loc":{"start":{"line":28,"column":37},"end":{"line":45,"column":3}},"line":28},"8":{"name":"(anonymous_8)","decl":{"start":{"line":34,"column":44},"end":{"line":34,"column":45}},"loc":{"start":{"line":34,"column":63},"end":{"line":37,"column":7}},"line":34},"9":{"name":"(anonymous_9)","decl":{"start":{"line":62,"column":29},"end":{"line":62,"column":30}},"loc":{"start":{"line":62,"column":45},"end":{"line":84,"column":11}},"line":62},"10":{"name":"(anonymous_10)","decl":{"start":{"line":67,"column":25},"end":{"line":67,"column":26}},"loc":{"start":{"line":67,"column":31},"end":{"line":67,"column":53}},"line":67},"11":{"name":"(anonymous_11)","decl":{"start":{"line":74,"column":32},"end":{"line":74,"column":33}},"loc":{"start":{"line":75,"column":21},"end":{"line":75,"column":67}},"line":75},"12":{"name":"(anonymous_12)","decl":{"start":{"line":77,"column":32},"end":{"line":77,"column":33}},"loc":{"start":{"line":77,"column":40},"end":{"line":77,"column":69}},"line":77},"13":{"name":"(anonymous_13)","decl":{"start":{"line":111,"column":31},"end":{"line":111,"column":32}},"loc":{"start":{"line":112,"column":14},"end":{"line":139,"column":19}},"line":112},"14":{"name":"(anonymous_14)","decl":{"start":{"line":121,"column":25},"end":{"line":121,"column":26}},"loc":{"start":{"line":121,"column":31},"end":{"line":121,"column":55}},"line":121}},"branchMap":{"0":{"loc":{"start":{"line":19,"column":4},"end":{"line":25,"column":5}},"type":"if","locations":[{"start":{"line":19,"column":4},"end":{"line":25,"column":5}},{"start":{"line":22,"column":11},"end":{"line":25,"column":5}}],"line":19},"1":{"loc":{"start":{"line":29,"column":4},"end":{"line":32,"column":5}},"type":"if","locations":[{"start":{"line":29,"column":4},"end":{"line":32,"column":5}},{"start":{},"end":{}}],"line":29}},"s":{"0":0,"1":0,"2":0,"3":0,"4":0,"5":0,"6":0,"7":0,"8":0,"9":0,"10":0,"11":0,"12":0,"13":0,"14":0,"15":0,"16":0,"17":0,"18":0,"19":0,"20":0,"21":0,"22":0,"23":0,"24":0,"25":0,"26":0,"27":0,"28":0,"29":0,"30":0},"f":{"0":0,"1":0,"2":0,"3":0,"4":0,"5":0,"6":0,"7":0,"8":0,"9":0,"10":0,"11":0,"12":0,"13":0,"14":0},"b":{"0":[0,0],"1":[0,0]}}
,"/Users/oliverkochpaiz/Desktop/Psych-Dissertation-Matching/client/src/pages/Registration.js": {"path":"/Users/oliverkochpaiz/Desktop/Psych-Dissertation-Matching/client/src/pages/Registration.js","statementMap":{"0":{"start":{"line":8,"column":36},"end":{"line":8,"column":48}},"1":{"start":{"line":9,"column":34},"end":{"line":9,"column":46}},"2":{"start":{"line":10,"column":34},"end":{"line":10,"column":46}},"3":{"start":{"line":11,"column":34},"end":{"line":11,"column":46}},"4":{"start":{"line":12,"column":19},"end":{"line":12,"column":32}},"5":{"start":{"line":14,"column":23},"end":{"line":36,"column":3}},"6":{"start":{"line":15,"column":4},"end":{"line":15,"column":27}},"7":{"start":{"line":17,"column":15},"end":{"line":17,"column":59}},"8":{"start":{"line":19,"column":4},"end":{"line":35,"column":5}},"9":{"start":{"line":20,"column":6},"end":{"line":20,"column":30}},"10":{"start":{"line":21,"column":6},"end":{"line":21,"column":42}},"11":{"start":{"line":23,"column":6},"end":{"line":34,"column":7}},"12":{"start":{"line":24,"column":8},"end":{"line":29,"column":11}},"13":{"start":{"line":30,"column":8},"end":{"line":30,"column":46}},"14":{"start":{"line":31,"column":8},"end":{"line":31,"column":27}},"15":{"start":{"line":33,"column":8},"end":{"line":33,"column":47}},"16":{"start":{"line":38,"column":2},"end":{"line":144,"column":4}},"17":{"start":{"line":68,"column":43},"end":{"line":68,"column":75}},"18":{"start":{"line":83,"column":43},"end":{"line":83,"column":74}},"19":{"start":{"line":98,"column":43},"end":{"line":98,"column":74}},"20":{"start":{"line":113,"column":43},"end":{"line":113,"column":74}}},"fnMap":{"0":{"name":"Registration","decl":{"start":{"line":7,"column":9},"end":{"line":7,"column":21}},"loc":{"start":{"line":7,"column":24},"end":{"line":145,"column":1}},"line":7},"1":{"name":"(anonymous_1)","decl":{"start":{"line":14,"column":23},"end":{"line":14,"column":24}},"loc":{"start":{"line":14,"column":40},"end":{"line":36,"column":3}},"line":14},"2":{"name":"(anonymous_2)","decl":{"start":{"line":68,"column":32},"end":{"line":68,"column":33}},"loc":{"start":{"line":68,"column":43},"end":{"line":68,"column":75}},"line":68},"3":{"name":"(anonymous_3)","decl":{"start":{"line":83,"column":32},"end":{"line":83,"column":33}},"loc":{"start":{"line":83,"column":43},"end":{"line":83,"column":74}},"line":83},"4":{"name":"(anonymous_4)","decl":{"start":{"line":98,"column":32},"end":{"line":98,"column":33}},"loc":{"start":{"line":98,"column":43},"end":{"line":98,"column":74}},"line":98},"5":{"name":"(anonymous_5)","decl":{"start":{"line":113,"column":32},"end":{"line":113,"column":33}},"loc":{"start":{"line":113,"column":43},"end":{"line":113,"column":74}},"line":113}},"branchMap":{"0":{"loc":{"start":{"line":19,"column":4},"end":{"line":35,"column":5}},"type":"if","locations":[{"start":{"line":19,"column":4},"end":{"line":35,"column":5}},{"start":{"line":22,"column":11},"end":{"line":35,"column":5}}],"line":19}},"s":{"0":22,"1":22,"2":22,"3":22,"4":22,"5":22,"6":5,"7":5,"8":5,"9":2,"10":2,"11":3,"12":3,"13":2,"14":2,"15":1,"16":22,"17":4,"18":4,"19":4,"20":4},"f":{"0":22,"1":5,"2":4,"3":4,"4":4,"5":4},"b":{"0":[2,3]},"_coverageSchema":"1a1c01bbd47fc00a2c39e90264f33305004495a9","hash":"01935df11b369b018582cc80c9253a07e074101f"}
,"/Users/oliverkochpaiz/Desktop/Psych-Dissertation-Matching/client/src/pages/Schedule.js": {"path":"/Users/oliverkochpaiz/Desktop/Psych-Dissertation-Matching/client/src/pages/Schedule.js","statementMap":{"0":{"start":{"line":9,"column":44},"end":{"line":9,"column":56}},"1":{"start":{"line":10,"column":42},"end":{"line":14,"column":4}},"2":{"start":{"line":15,"column":42},"end":{"line":15,"column":71}},"3":{"start":{"line":17,"column":26},"end":{"line":17,"column":46}},"4":{"start":{"line":18,"column":16},"end":{"line":18,"column":65}},"5":{"start":{"line":19,"column":15},"end":{"line":19,"column":66}},"6":{"start":{"line":20,"column":20},"end":{"line":24,"column":3}},"7":{"start":{"line":28,"column":2},"end":{"line":34,"column":9}},"8":{"start":{"line":29,"column":4},"end":{"line":33,"column":9}},"9":{"start":{"line":30,"column":6},"end":{"line":30,"column":38}},"10":{"start":{"line":32,"column":6},"end":{"line":32,"column":43}},"11":{"start":{"line":36,"column":26},"end":{"line":38,"column":3}},"12":{"start":{"line":37,"column":4},"end":{"line":37,"column":27}},"13":{"start":{"line":39,"column":26},"end":{"line":41,"column":3}},"14":{"start":{"line":40,"column":4},"end":{"line":40,"column":26}},"15":{"start":{"line":43,"column":23},"end":{"line":64,"column":3}},"16":{"start":{"line":45,"column":4},"end":{"line":63,"column":5}},"17":{"start":{"line":46,"column":6},"end":{"line":46,"column":45}},"18":{"start":{"line":47,"column":6},"end":{"line":47,"column":13}},"19":{"start":{"line":50,"column":6},"end":{"line":62,"column":7}},"20":{"start":{"line":51,"column":8},"end":{"line":57,"column":11}},"21":{"start":{"line":58,"column":8},"end":{"line":58,"column":57}},"22":{"start":{"line":61,"column":8},"end":{"line":61,"column":45}},"23":{"start":{"line":66,"column":2},"end":{"line":121,"column":3}},"24":{"start":{"line":72,"column":12},"end":{"line":95,"column":14}},"25":{"start":{"line":76,"column":31},"end":{"line":76,"column":53}},"26":{"start":{"line":87,"column":21},"end":{"line":87,"column":67}},"27":{"start":{"line":89,"column":40},"end":{"line":89,"column":69}},"28":{"start":{"line":102,"column":14},"end":{"line":106,"column":15}},"29":{"start":{"line":103,"column":208},"end":{"line":103,"column":229}},"30":{"start":{"line":103,"column":252},"end":{"line":103,"column":298}},"31":{"start":{"line":103,"column":321},"end":{"line":103,"column":350}}},"fnMap":{"0":{"name":"Schedule","decl":{"start":{"line":8,"column":9},"end":{"line":8,"column":17}},"loc":{"start":{"line":8,"column":20},"end":{"line":122,"column":1}},"line":8},"1":{"name":"(anonymous_1)","decl":{"start":{"line":28,"column":12},"end":{"line":28,"column":13}},"loc":{"start":{"line":28,"column":18},"end":{"line":34,"column":3}},"line":28},"2":{"name":"(anonymous_2)","decl":{"start":{"line":29,"column":79},"end":{"line":29,"column":80}},"loc":{"start":{"line":29,"column":93},"end":{"line":31,"column":5}},"line":29},"3":{"name":"(anonymous_3)","decl":{"start":{"line":31,"column":13},"end":{"line":31,"column":14}},"loc":{"start":{"line":31,"column":22},"end":{"line":33,"column":7}},"line":31},"4":{"name":"(anonymous_4)","decl":{"start":{"line":36,"column":26},"end":{"line":36,"column":27}},"loc":{"start":{"line":36,"column":37},"end":{"line":38,"column":3}},"line":36},"5":{"name":"(anonymous_5)","decl":{"start":{"line":39,"column":26},"end":{"line":39,"column":27}},"loc":{"start":{"line":39,"column":36},"end":{"line":41,"column":3}},"line":39},"6":{"name":"(anonymous_6)","decl":{"start":{"line":43,"column":23},"end":{"line":43,"column":24}},"loc":{"start":{"line":43,"column":35},"end":{"line":64,"column":3}},"line":43},"7":{"name":"(anonymous_7)","decl":{"start":{"line":71,"column":29},"end":{"line":71,"column":30}},"loc":{"start":{"line":71,"column":45},"end":{"line":95,"column":15}},"line":71},"8":{"name":"(anonymous_8)","decl":{"start":{"line":76,"column":25},"end":{"line":76,"column":26}},"loc":{"start":{"line":76,"column":31},"end":{"line":76,"column":53}},"line":76},"9":{"name":"(anonymous_9)","decl":{"start":{"line":86,"column":32},"end":{"line":86,"column":33}},"loc":{"start":{"line":87,"column":21},"end":{"line":87,"column":67}},"line":87},"10":{"name":"(anonymous_10)","decl":{"start":{"line":89,"column":32},"end":{"line":89,"column":33}},"loc":{"start":{"line":89,"column":40},"end":{"line":89,"column":69}},"line":89},"11":{"name":"(anonymous_11)","decl":{"start":{"line":101,"column":27},"end":{"line":101,"column":28}},"loc":{"start":{"line":101,"column":44},"end":{"line":107,"column":13}},"line":101},"12":{"name":"(anonymous_12)","decl":{"start":{"line":103,"column":202},"end":{"line":103,"column":203}},"loc":{"start":{"line":103,"column":208},"end":{"line":103,"column":229}},"line":103},"13":{"name":"(anonymous_13)","decl":{"start":{"line":103,"column":245},"end":{"line":103,"column":246}},"loc":{"start":{"line":103,"column":252},"end":{"line":103,"column":298}},"line":103},"14":{"name":"(anonymous_14)","decl":{"start":{"line":103,"column":314},"end":{"line":103,"column":315}},"loc":{"start":{"line":103,"column":321},"end":{"line":103,"column":350}},"line":103}},"branchMap":{"0":{"loc":{"start":{"line":45,"column":4},"end":{"line":63,"column":5}},"type":"if","locations":[{"start":{"line":45,"column":4},"end":{"line":63,"column":5}},{"start":{"line":49,"column":8},"end":{"line":63,"column":5}}],"line":45},"1":{"loc":{"start":{"line":83,"column":37},"end":{"line":83,"column":76}},"type":"cond-expr","locations":[{"start":{"line":83,"column":62},"end":{"line":83,"column":71}},{"start":{"line":83,"column":74},"end":{"line":83,"column":76}}],"line":83},"2":{"loc":{"start":{"line":103,"column":140},"end":{"line":103,"column":178}},"type":"cond-expr","locations":[{"start":{"line":103,"column":164},"end":{"line":103,"column":173}},{"start":{"line":103,"column":176},"end":{"line":103,"column":178}}],"line":103}},"s":{"0":17,"1":17,"2":17,"3":17,"4":17,"5":17,"6":17,"7":17,"8":7,"9":6,"10":1,"11":17,"12":3,"13":17,"14":1,"15":17,"16":3,"17":1,"18":1,"19":2,"20":2,"21":1,"22":1,"23":17,"24":9,"25":3,"26":0,"27":0,"28":204,"29":1,"30":0,"31":0},"f":{"0":17,"1":7,"2":6,"3":1,"4":3,"5":1,"6":3,"7":9,"8":3,"9":0,"10":0,"11":204,"12":1,"13":0,"14":0},"b":{"0":[1,2],"1":[3,6],"2":[17,187]},"_coverageSchema":"1a1c01bbd47fc00a2c39e90264f33305004495a9","hash":"bbd4bf1fb7ac4b0cb9d53203b10eb89fc15da0c9"}
,"/Users/oliverkochpaiz/Desktop/Psych-Dissertation-Matching/client/src/pages/UserSettings.js": {"path":"/Users/oliverkochpaiz/Desktop/Psych-Dissertation-Matching/client/src/pages/UserSettings.js","statementMap":{"0":{"start":{"line":7,"column":28},"end":{"line":12,"column":1}},"1":{"start":{"line":8,"column":26},"end":{"line":8,"column":38}},"2":{"start":{"line":9,"column":34},"end":{"line":9,"column":46}},"3":{"start":{"line":11,"column":2},"end":{"line":11,"column":20}}},"fnMap":{"0":{"name":"(anonymous_0)","decl":{"start":{"line":7,"column":28},"end":{"line":7,"column":29}},"loc":{"start":{"line":7,"column":34},"end":{"line":12,"column":1}},"line":7}},"branchMap":{},"s":{"0":0,"1":0,"2":0,"3":0},"f":{"0":0},"b":{}}
}
